#
# A fatal error has been detected by the Java Runtime Environment:
#
#  Internal Error (jvmciRuntime.cpp:1609), pid=30, tid=44
#  fatal error: Fatal exception in JVMCI: Error calling jdk.vm.ci.services.Services.serializeSavedProperties
#
# JRE version: OpenJDK Runtime Environment GraalVM CE 22.3.0 (17.0.5+8) (build 17.0.5+8-jvmci-22.3-b08)
# Java VM: OpenJDK 64-Bit Server VM GraalVM CE 22.3.0 (17.0.5+8-jvmci-22.3-b08, mixed mode, sharing, tiered, jvmci, jvmci compiler, compressed oops, compressed class ptrs, parallel gc, linux-amd64)
# Problematic frame:
# V  [libjvm.so+0x972714]  JVMCIRuntime::fatal_exception(JVMCIEnv*, char const*)+0x74
#
# Core dump will be written. Default location: Core dumps may be processed with "/usr/share/apport/apport -p%p -s%s -c%c -d%d -P%P -u%u -g%g -- %E" (or dumping to /home/runner/HourHand-AndMinuteHand/core.30)
#
# If you would like to submit a bug report, please visit:
#   https://github.com/oracle/graal/issues
#

---------------  S U M M A R Y ------------

Command Line: -XX:ThreadPriorityPolicy=1 -XX:+UnlockExperimentalVMOptions -XX:+EnableJVMCIProduct -XX:JVMCIThreadsPerNativeLibraryRuntime=1 -XX:-UnlockExperimentalVMOptions -Declipse.application=org.eclipse.jdt.ls.core.id1 -Dosgi.bundles.defaultStartLevel=4 -Declipse.product=org.eclipse.jdt.ls.core.product -Dlog.level=ALL -Xverify:none -XX:+UseParallelGC -XX:GCTimeRatio=4 -XX:AdaptiveSizePolicyWeight=90 -Dsun.zip.disableMemoryMapping=true -Xmx512m -Xms100m /nix/store/m6gcpi1ii6rghy04cjwjddcavv7i90df-jdt-language-server-1.9.0/share/java/plugins/org.eclipse.equinox.launcher_1.6.400.v20210924-0641.jar --add-modules=ALL-SYSTEM --add-opens java.base/java.util=ALL-UNNAMED --add-opens java.base/java.lang=ALL-UNNAMED -configuration /home/runner/.cache/jdt-language-server/config -data /home/runner/.cache/jdt-language-server/data/home/runner/HourHand-AndMinuteHand

Host: AMD EPYC 7B13, 4 cores, 1G, Ubuntu 20.04.2 LTS
Time: Fri May 26 05:27:22 2023 UTC elapsed time: 607.830255 seconds (0d 0h 10m 7s)

---------------  T H R E A D  ---------------

Current thread (0x00007f9f6c0b2540):  JavaThread "JVMCI-native CompilerThread0" daemon [_thread_in_vm, id=44, stack(0x00007f9f5241a000,0x00007f9f5261a000)]


Current CompileTask:
JVMCI-native: 607830 10005       4       com.google.gson.stream.JsonReader::nextQuotedValue (270 bytes)

Stack: [0x00007f9f5241a000,0x00007f9f5261a000],  sp=0x00007f9f52618380,  free space=2040k
Native frames: (J=compiled Java code, j=interpreted, Vv=VM code, C=native code)
V  [libjvm.so+0x972714]  JVMCIRuntime::fatal_exception(JVMCIEnv*, char const*)+0x74
V  [libjvm.so+0x93e2fe]  JVMCIEnv::copy_saved_properties()+0x14e
V  [libjvm.so+0x9732a9]  JVMCIRuntime::initialize(JVMCIEnv*)+0xb19
V  [libjvm.so+0x9738a2]  JVMCIRuntime::get_HotSpotJVMCIRuntime(JVMCIEnv*)+0x12
V  [libjvm.so+0x9749f2]  JVMCIRuntime::compile_method(JVMCIEnv*, JVMCICompiler*, methodHandle const&, int)+0xd2
V  [libjvm.so+0x5b0d20]  CompileBroker::invoke_compiler_on_method(CompileTask*)+0x1470
V  [libjvm.so+0x5b12e8]  CompileBroker::compiler_thread_loop()+0x528
V  [libjvm.so+0xd82460]  JavaThread::thread_main_inner()+0xd0
V  [libjvm.so+0xd85a40]  Thread::call_run()+0xc0
V  [libjvm.so+0xbdb1e1]  thread_native_entry(Thread*)+0xe1

Register to memory mapping:

RAX=0x00007f9f72173000 points into unknown readable memory: 0x0000000000000058 | 58 00 00 00 00 00 00 00
RBX=0x00007f9f7326e398: <offset 0x0000000000ef5398> in /nix/store/gpxl5qgg8kicmcvivwmybwjlpf7wh20l-graalvm17-ce-22.3.0/lib/server/libjvm.so at 0x00007f9f72379000
RCX=0x00007f9f732261e8: <offset 0x0000000000ead1e8> in /nix/store/gpxl5qgg8kicmcvivwmybwjlpf7wh20l-graalvm17-ce-22.3.0/lib/server/libjvm.so at 0x00007f9f72379000
RDX=0x0000000000000649 is an unknown value
RSP=0x00007f9f52618380 is pointing into the stack for thread: 0x00007f9f6c0b2540
RBP=0x00007f9f526183a0 is pointing into the stack for thread: 0x00007f9f6c0b2540
RSI=0x00007f9f7326ec48: <offset 0x0000000000ef5c48> in /nix/store/gpxl5qgg8kicmcvivwmybwjlpf7wh20l-graalvm17-ce-22.3.0/lib/server/libjvm.so at 0x00007f9f72379000
RDI=0x00000000e0000000 is an oop: java.lang.String 
{0x00000000e0000000} - klass: 'java/lang/String'
 - string: "resolution"
R8 =0x00007f9f7326e398: <offset 0x0000000000ef5398> in /nix/store/gpxl5qgg8kicmcvivwmybwjlpf7wh20l-graalvm17-ce-22.3.0/lib/server/libjvm.so at 0x00007f9f72379000
R9 =0x00007f9f52618330 is pointing into the stack for thread: 0x00007f9f6c0b2540
R10=0x00007f9f52619948 is pointing into the stack for thread: 0x00007f9f6c0b2540
R11=0x0000000000000293 is an unknown value
R12=0x0 is NULL
R13=0x00007f9f6c0b2540 is a thread
R14=0x00007f9f6c000b80 points into unknown readable memory: 0x00007f9f7349fa38 | 38 fa 49 73 9f 7f 00 00
R15=0x00007f9f735ade40: <offset 0x0000000001234e40> in /nix/store/gpxl5qgg8kicmcvivwmybwjlpf7wh20l-graalvm17-ce-22.3.0/lib/server/libjvm.so at 0x00007f9f72379000


Registers:
RAX=0x00007f9f72173000, RBX=0x00007f9f7326e398, RCX=0x00007f9f732261e8, RDX=0x0000000000000649
RSP=0x00007f9f52618380, RBP=0x00007f9f526183a0, RSI=0x00007f9f7326ec48, RDI=0x00000000e0000000
R8 =0x00007f9f7326e398, R9 =0x00007f9f52618330, R10=0x00007f9f52619948, R11=0x0000000000000293
R12=0x0000000000000000, R13=0x00007f9f6c0b2540, R14=0x00007f9f6c000b80, R15=0x00007f9f735ade40
RIP=0x00007f9f72ceb714, EFLAGS=0x0000000000010206, CSGSFS=0x002b000000000033, ERR=0x0000000000000006
  TRAPNO=0x000000000000000e

Top of Stack: (sp=0x00007f9f52618380)
0x00007f9f52618380:   00007f9f52618940 00007f9f6c0b2540
0x00007f9f52618390:   00007f9f70b048c8 0000000800c417a0
0x00007f9f526183a0:   00007f9f52618500 00007f9f72cb72fe
0x00007f9f526183b0:   00007f9f526183e0 00007f9f52618440 

Instructions: (pc=0x00007f9f72ceb714)
0x00007f9f72ceb614:   30 e8 f6 cf e8 ff 4c 89 e7 e8 2e 48 d1 ff 84 db
0x00007f9f72ceb624:   75 2a 4d 85 ed 74 04 4d 8b 6d 00 48 83 c4 08 44
0x00007f9f72ceb634:   89 f9 4c 89 f2 4c 89 ee 5b 4c 89 e7 41 5c 41 5d
0x00007f9f72ceb644:   41 5e 41 5f 5d e9 e2 47 d1 ff 66 90 48 83 c4 08
0x00007f9f72ceb654:   5b 41 5c 41 5d 41 5e 41 5f 5d c3 90 31 d2 be 08
0x00007f9f72ceb664:   00 00 00 4c 89 ff e8 b1 78 a3 ff 49 89 c5 e9 37
0x00007f9f72ceb674:   ff ff ff 66 0f 1f 84 00 00 00 00 00 48 8b 7a 08
0x00007f9f72ceb684:   e9 6d ff ff ff 0f 1f 80 00 00 00 00 e8 5b 48 0a
0x00007f9f72ceb694:   00 84 c0 75 89 e9 6a ff ff ff 66 90 55 48 89 e5
0x00007f9f72ceb6a4:   41 56 41 55 41 54 49 89 fc 53 48 89 f3 66 48 8d
0x00007f9f72ceb6b4:   3d 27 5e 85 00 66 66 48 e8 df 43 8d ff 4c 8b 28
0x00007f9f72ceb6c4:   8b 05 be 72 8a 00 85 c0 75 14 ba 01 00 00 00 48
0x00007f9f72ceb6d4:   8d 0d ae 72 8a 00 f0 0f b1 11 85 c0 74 4e be c8
0x00007f9f72ceb6e4:   00 00 00 4c 89 ef e8 01 0b 41 00 48 8d 05 12 ac
0x00007f9f72ceb6f4:   85 00 49 89 d8 48 8d 0d e8 aa 53 00 ba 49 06 00
0x00007f9f72ceb704:   00 48 8d 35 3c 35 58 00 bf 00 00 00 e0 48 8b 00
0x00007f9f72ceb714:   c6 00 58 31 c0 e8 e2 91 c6 ff 5b 41 5c 41 5d 41
0x00007f9f72ceb724:   5e 5d e9 55 34 26 00 0f 1f 44 00 00 48 8d 05 81
0x00007f9f72ceb734:   a3 8b 00 48 89 df 4c 8b 30 e8 9e 43 8d ff 48 89
0x00007f9f72ceb744:   de 48 89 c2 49 8b 06 4c 89 f7 ff 50 08 4c 89 f7
0x00007f9f72ceb754:   e8 a7 5c 27 00 4d 85 e4 74 12 be 01 00 00 00 4c
0x00007f9f72ceb764:   89 e7 e8 35 43 fc ff eb 82 0f 1f 00 be 01 00 00
0x00007f9f72ceb774:   00 4c 89 ef e8 d3 fd ff ff e9 6d ff ff ff 66 66
0x00007f9f72ceb784:   2e 0f 1f 84 00 00 00 00 00 0f 1f 00 55 48 89 e5
0x00007f9f72ceb794:   41 57 41 56 41 55 41 54 53 48 81 ec 08 02 00 00
0x00007f9f72ceb7a4:   64 48 8b 04 25 28 00 00 00 48 89 45 c8 8b 07 83
0x00007f9f72ceb7b4:   f8 02 0f 84 11 04 00 00 4c 8b 6f 18 49 89 ff 49
0x00007f9f72ceb7c4:   89 f4 4d 85 ed 74 14 4c 89 ef e8 5d 57 22 00 41
0x00007f9f72ceb7d4:   8b 07 83 f8 02 0f 84 19 04 00 00 48 8d 1d 9a 06
0x00007f9f72ceb7e4:   8a 00 4c 8d 35 0b 3c 58 00 eb 38 90 48 85 d2 7f
0x00007f9f72ceb7f4:   0d 48 8d 05 b4 c0 85 00 48 83 38 00 7e 0e 41 8b
0x00007f9f72ceb804:   77 2c 4c 89 f7 31 c0 e8 a0 b2 f7 ff 49 8b 7f 18 


Stack slot to memory mapping:
stack at sp + 0 slots: 0x00007f9f52618940 is pointing into the stack for thread: 0x00007f9f6c0b2540
stack at sp + 1 slots: 0x00007f9f6c0b2540 is a thread
stack at sp + 2 slots: 0x00007f9f70b048c8 points into unknown readable memory: 0x65730018052dffff | ff ff 2d 05 18 00 73 65
stack at sp + 3 slots: 0x0000000800c417a0 is a pointer to class: 
jdk.vm.ci.services.Services {0x0000000800c417a0}
 - instance size:     2
 - klass size:        65
 - access:            public final synchronized 
 - state:             fully_initialized
 - name:              'jdk/vm/ci/services/Services'
 - super:             'java/lang/Object'
 - sub:               
 - arrays:            NULL
 - methods:           Array<T>(0x00007f9f52c41698)
 - method ordering:   Array<T>(0x0000000800928960)
 - default_methods:   Array<T>(0x0000000000000000)
 - local interfaces:  Array<T>(0x00000008005ce810)
 - trans. interfaces: Array<T>(0x00000008005ce810)
 - constants:         constant pool [427] {0x00007f9f52c40778} for 'jdk/vm/ci/services/Services' cache=0x00007f9f52c42968
 - class loader data:  loader data: 0x00007f9f6c0283f0 of 'bootstrap'
 - source file:       'Services.java'
 - class annotations:       Array<T>(0x0000000000000000)
 - class type annotations:  Array<T>(0x0000000000000000)
 - field annotations:       Array<T>(0x0000000000000000)
 - field type annotations:  Array<T>(0x0000000000000000)
 - inner classes:     Array<T>(0x00007f9f52c42938)
 - nest members:     Array<T>(0x00007f9f52c42958)
 - permitted subclasses:     Array<T>(0x00000008005ce7a0)
 - java mirror:       a 'java/lang/Class'{0x00000000e0145400} = 'jdk/vm/ci/services/Services'
 - vtable length      5  (start addr: 0x0000000800c41970)
 - itable length      2 (start addr: 0x0000000800c41998)
 - ---- static fields (3 words):
 - public static final 'IS_BUILDING_NATIVE_IMAGE' 'Z' @128 
 - public static final 'IS_IN_NATIVE_IMAGE' 'Z' @129 
 - private static volatile 'savedProperties' 'Ljava/util/Map;' @112 
 - static final 'JVMCI_ENABLED' 'Z' @130 
 - private static final 'servicesCache' 'Ljava/util/Map;' @116 
 - private static final 'MAX_UNICODE_IN_UTF8_LENGTH' 'I' @120 
 - private static final 'MAX_UTF8_PROPERTY_STRING_LENGTH' 'I' @124 
 - ---- non-static fields (0 words):
 - non-static oop maps: 
stack at sp + 4 slots: 0x00007f9f52618500 is pointing into the stack for thread: 0x00007f9f6c0b2540
stack at sp + 5 slots: 0x00007f9f72cb72fe: <offset 0x000000000093e2fe> in /nix/store/gpxl5qgg8kicmcvivwmybwjlpf7wh20l-graalvm17-ce-22.3.0/lib/server/libjvm.so at 0x00007f9f72379000
stack at sp + 6 slots: 0x00007f9f526183e0 is pointing into the stack for thread: 0x00007f9f6c0b2540
stack at sp + 7 slots: 0x00007f9f52618440 is pointing into the stack for thread: 0x00007f9f6c0b2540


---------------  P R O C E S S  ---------------

Threads class SMR info:
_java_thread_list=0x00007f9ef817a480, length=28, elements={
0x00007f9f6c026690, 0x00007f9f6c0a64d0, 0x00007f9f6c0a7910, 0x00007f9f6c0ae3b0,
0x00007f9f6c0af760, 0x00007f9f6c0b0b50, 0x00007f9f6c0b2540, 0x00007f9f6c0b3a50,
0x00007f9f6c0b4ea0, 0x00007f9f6c0d7fb0, 0x00007f9f6c1209e0, 0x00007f9f6c334220,
0x00007f9f6c367610, 0x00007f9f6c369540, 0x00007f9f6c62e5a0, 0x00007f9f00017000,
0x00007f9f002e13d0, 0x00007f9f00345670, 0x00007f9f0062fdb0, 0x00007f9f6c393ec0,
0x00007f9f6c4cc510, 0x000056170edde460, 0x00007f9f00886b60, 0x00007f9f0c43f9a0,
0x00007f9f3c001d30, 0x00007f9ef81674f0, 0x00007f9ef8037250, 0x00007f9ef814dab0
}

Java Threads: ( => current thread )
  0x00007f9f6c026690 JavaThread "main" [_thread_blocked, id=36, stack(0x00007f9f72194000,0x00007f9f72294000)]
  0x00007f9f6c0a64d0 JavaThread "Reference Handler" daemon [_thread_blocked, id=39, stack(0x00007f9f701ab000,0x00007f9f702ab000)]
  0x00007f9f6c0a7910 JavaThread "Finalizer" daemon [_thread_blocked, id=40, stack(0x00007f9f700ab000,0x00007f9f701ab000)]
  0x00007f9f6c0ae3b0 JavaThread "Signal Dispatcher" daemon [_thread_blocked, id=41, stack(0x00007f9f5281a000,0x00007f9f5291a000)]
  0x00007f9f6c0af760 JavaThread "Service Thread" daemon [_thread_blocked, id=42, stack(0x00007f9f5271a000,0x00007f9f5281a000)]
  0x00007f9f6c0b0b50 JavaThread "Monitor Deflation Thread" daemon [_thread_blocked, id=43, stack(0x00007f9f5261a000,0x00007f9f5271a000)]
=>0x00007f9f6c0b2540 JavaThread "JVMCI-native CompilerThread0" daemon [_thread_in_vm, id=44, stack(0x00007f9f5241a000,0x00007f9f5261a000)]
  0x00007f9f6c0b3a50 JavaThread "C1 CompilerThread0" daemon [_thread_blocked, id=45, stack(0x00007f9f5221a000,0x00007f9f5241a000)]
  0x00007f9f6c0b4ea0 JavaThread "Sweeper thread" daemon [_thread_blocked, id=46, stack(0x00007f9f5211a000,0x00007f9f5221a000)]
  0x00007f9f6c0d7fb0 JavaThread "Common-Cleaner" daemon [_thread_blocked, id=47, stack(0x00007f9f5201a000,0x00007f9f5211a000)]
  0x00007f9f6c1209e0 JavaThread "Notification Thread" daemon [_thread_blocked, id=49, stack(0x00007f9f51f1a000,0x00007f9f5201a000)]
  0x00007f9f6c334220 JavaThread "Active Thread: Equinox Container: 1a1163fe-1732-4e7b-9a7d-fecaf85f623a" [_thread_blocked, id=62, stack(0x00007f9f50b00000,0x00007f9f50c00000)]
  0x00007f9f6c367610 JavaThread "Framework Event Dispatcher: Equinox Container: 1a1163fe-1732-4e7b-9a7d-fecaf85f623a" daemon [_thread_blocked, id=63, stack(0x00007f9f50900000,0x00007f9f50a00000)]
  0x00007f9f6c369540 JavaThread "Start Level: Equinox Container: 1a1163fe-1732-4e7b-9a7d-fecaf85f623a" daemon [_thread_blocked, id=64, stack(0x00007f9f50700000,0x00007f9f50800000)]
  0x00007f9f6c62e5a0 JavaThread "Refresh Thread: Equinox Container: 1a1163fe-1732-4e7b-9a7d-fecaf85f623a" daemon [_thread_blocked, id=65, stack(0x00007f9f50500000,0x00007f9f50600000)]
  0x00007f9f00017000 JavaThread "SCR Component Actor" daemon [_thread_blocked, id=66, stack(0x00007f9f50300000,0x00007f9f50400000)]
  0x00007f9f002e13d0 JavaThread "Worker-JM" [_thread_blocked, id=77, stack(0x00007f9f19b00000,0x00007f9f19c00000)]
  0x00007f9f00345670 JavaThread "Worker-0: Validate documents" [_thread_blocked, id=78, stack(0x00007f9f19900000,0x00007f9f19a00000)]
  0x00007f9f0062fdb0 JavaThread "Bundle File Closer" daemon [_thread_blocked, id=89, stack(0x00007f9f19300000,0x00007f9f19400000)]
  0x00007f9f6c393ec0 JavaThread "pool-3-thread-1" [_thread_blocked, id=90, stack(0x00007f9f19100000,0x00007f9f19200000)]
  0x00007f9f6c4cc510 JavaThread "pool-2-thread-1" [_thread_blocked, id=91, stack(0x00007f9f18f00000,0x00007f9f19000000)]
  0x000056170edde460 JavaThread "Worker-2" [_thread_blocked, id=92, stack(0x00007f9f18d00000,0x00007f9f18e00000)]
  0x00007f9f00886b60 JavaThread "Worker-4: Java indexing... " [_thread_blocked, id=98, stack(0x00007f9f18900000,0x00007f9f18a00000)]
  0x00007f9f0c43f9a0 JavaThread "Okio Watchdog" daemon [_thread_blocked, id=195, stack(0x00007f9f18500000,0x00007f9f18600000)]
  0x00007f9f3c001d30 JavaThread "Java indexing" daemon [_thread_blocked, id=674, stack(0x00007f9f51b18000,0x00007f9f51c18000)]
  0x00007f9ef81674f0 JavaThread "Thread-15" [_thread_blocked, id=675, stack(0x00007f9f18b00000,0x00007f9f18c00000)]
  0x00007f9ef8037250 JavaThread "Thread-19" [_thread_blocked, id=1000, stack(0x00007f9f50100000,0x00007f9f50200000)]
  0x00007f9ef814dab0 JavaThread "Worker-7" [_thread_blocked, id=1814, stack(0x00007f9f18700000,0x00007f9f18800000)]

Other Threads:
  0x00007f9f6c0a1c10 VMThread "VM Thread" [stack: 0x00007f9f702ad000,0x00007f9f703ad000] [id=38] _threads_hazard_ptr=0x00007f9ef817a480
  0x00007f9f6c122380 WatcherThread [stack: 0x00007f9f51e1a000,0x00007f9f51f1a000] [id=50]
  0x00007f9f6c03df30 GCTaskThread "GC Thread#0" [stack: 0x00007f9f71d57000,0x00007f9f71e57000] [id=37]

Threads with active compile tasks:
JVMCI-native CompilerThread0   607844 10005       4       com.google.gson.stream.JsonReader::nextQuotedValue (270 bytes)

VM state: synchronizing (normal execution)

VM Mutex/Monitor currently owned by a thread:  ([mutex/lock_event])
[0x00007f9f6c023840] Threads_lock - owner thread: 0x00007f9f6c0a1c10
[0x00007f9f6c023ff0] Heap_lock - owner thread: 0x00007f9f00345670

OutOfMemory and StackOverflow Exception counts:
OutOfMemoryError java_heap_errors=9
LinkageErrors=66

Heap address: 0x00000000e0000000, size: 512 MB, Compressed Oops mode: 32-bit

CDS archive(s) mapped at: [0x0000000800000000-0x0000000800bc8000-0x0000000800bc8000), size 12353536, SharedBaseAddress: 0x0000000800000000, ArchiveRelocationMode: 0.
Compressed class space mapped at: 0x0000000800c00000-0x0000000840c00000, reserved size: 1073741824
Narrow klass base: 0x0000000800000000, Narrow klass shift: 0, Narrow klass range: 0x100000000

GC Precious Log:
 CPUs: 4 total, 1 available
 Memory: 1024M
 Large Page Support: Disabled
 NUMA Support: Disabled
 Compressed Oops: Enabled (32-bit)
 Alignments: Space 512K, Generation 512K, Heap 2M
 Heap Min Capacity: 100M
 Heap Initial Capacity: 100M
 Heap Max Capacity: 512M
 Pre-touch: Disabled
 Parallel Workers: 1

Heap:
 PSYoungGen      total 53248K, used 38678K [0x00000000f5580000, 0x00000000fd300000, 0x0000000100000000)
  eden space 11776K, 100% used [0x00000000f5580000,0x00000000f6100000,0x00000000f6100000)
  from space 41472K, 64% used [0x00000000f9980000,0x00000000fb3c5818,0x00000000fc200000)
  to   space 57856K, 0% used [0x00000000f6100000,0x00000000f6100000,0x00000000f9980000)
 ParOldGen       total 349696K, used 349695K [0x00000000e0000000, 0x00000000f5580000, 0x00000000f5580000)
  object space 349696K, 99% used [0x00000000e0000000,0x00000000f557ffe8,0x00000000f5580000)
 Metaspace       used 64570K, committed 65536K, reserved 1114112K
  class space    used 6382K, committed 6784K, reserved 1048576K

Card table byte_map: [0x00007f9f71e57000,0x00007f9f71f58000] _byte_map_base: 0x00007f9f71757000

Marking Bits: (ParMarkBitMap*) 0x00007f9f735a74c0
 Begin Bits: [0x00007f9f70caa000, 0x00007f9f714aa000)
 End Bits:   [0x00007f9f714aa000, 0x00007f9f71caa000)

Polling page: 0x00007f9f72171000

Metaspace:

Usage:
  Non-class:     56.82 MB used.
      Class:      6.23 MB used.
       Both:     63.06 MB used.

Virtual space:
  Non-class space:       64.00 MB reserved,      57.38 MB ( 90%) committed,  8 nodes.
      Class space:        1.00 GB reserved,       6.62 MB ( <1%) committed,  1 nodes.
             Both:        1.06 GB reserved,      64.00 MB (  6%) committed. 

Chunk freelists:
   Non-Class:  2.66 MB
       Class:  1.43 MB
        Both:  4.09 MB

MaxMetaspaceSize: unlimited
CompressedClassSpaceSize: 1.00 GB
Initial GC threshold: 21.00 MB
Current GC threshold: 106.56 MB
CDS: on
MetaspaceReclaimPolicy: balanced
 - commit_granule_bytes: 65536.
 - commit_granule_words: 8192.
 - virtual_space_node_default_size: 1048576.
 - enlarge_chunks_in_place: 1.
 - new_chunks_are_fully_committed: 0.
 - uncommit_free_chunks: 1.
 - use_allocation_guard: 0.
 - handle_deallocations: 1.


Internal statistics:

num_allocs_failed_limit: 8.
num_arena_births: 524.
num_arena_deaths: 168.
num_vsnodes_births: 9.
num_vsnodes_deaths: 0.
num_space_committed: 1024.
num_space_uncommitted: 1.
num_chunks_returned_to_freelist: 240.
num_chunks_taken_from_freelist: 3130.
num_chunk_merges: 100.
num_chunk_splits: 1995.
num_chunks_enlarged: 1252.
num_purges: 10.
num_inconsistent_stats: 0.

CodeHeap 'non-profiled nmethods': size=120036Kb used=2960Kb max_used=3155Kb free=117075Kb
 bounds [0x00007f9f5af7a000, 0x00007f9f5b29a000, 0x00007f9f624b3000]
CodeHeap 'profiled nmethods': size=120032Kb used=14911Kb max_used=17725Kb free=105120Kb
 bounds [0x00007f9f53a42000, 0x00007f9f54ba2000, 0x00007f9f5af7a000]
CodeHeap 'non-nmethods': size=5692Kb used=1428Kb max_used=1429Kb free=4263Kb
 bounds [0x00007f9f534b3000, 0x00007f9f53723000, 0x00007f9f53a42000]
 total_blobs=8153 nmethods=7380 adapters=640
 compilation: enabled
              stopped_count=0, restarted_count=0
 full_count=0

JVMCI Events (20 events):
Event: 528.705 Thread 0x00007f9f6c0b2540 compacted oop handles in JVMCI runtime 0 from 85 to 85
Event: 528.705 Thread 0x00007f9f6c0b2540 releasing handles for JVMCI runtime 0: oop handles=85, metadata handles={total=160, live=155, blocks=37}
Event: 528.705 Thread 0x00007f9f6c0b2540 detached from JVMCI runtime 0
Event: 547.735 Thread 0x00007f9f6c0b2540 attached to JVMCI runtime 0
Event: 547.736 Thread 0x00007f9f6c0b2540 created JavaVM[8]@0x00007f9f1799e340 for JVMCI runtime 0
Event: 548.643 Thread 0x00007f9f6c0b2540 initializing JVMCI runtime 0
Event: 548.643 Thread 0x00007f9f6c0b2540 done waiting for JavaVM references initialization in JVMCI runtime 0
Event: 558.825 Thread 0x00007f9f6c0b2540 initialized JVMCI runtime 0
Event: 564.915 Thread 0x00007f9f6c0b2540 compacted oop handles in JVMCI runtime 0 from 75 to 72
Event: 567.725 Thread 0x00007f9f6c0b2540 detaching from JVMCI runtime 0: releasing idle compiler thread (0 other threads still attached)
Event: 567.725 Thread 0x00007f9f6c0b2540 shutting down HotSpotJVMCIRuntime for JVMCI runtime 0
Event: 567.725 Thread 0x00007f9f6c0b2540 shut down JVMCI runtime 0
Event: 567.726 Thread 0x00007f9f6c0b2540 destroyed JavaVM[8]@0x00007f9f1799e340 for JVMCI runtime 0
Event: 567.726 Thread 0x00007f9f6c0b2540 compacted oop handles in JVMCI runtime 0 from 72 to 72
Event: 567.726 Thread 0x00007f9f6c0b2540 releasing handles for JVMCI runtime 0: oop handles=72, metadata handles={total=126, live=105, blocks=37}
Event: 567.726 Thread 0x00007f9f6c0b2540 detached from JVMCI runtime 0
Event: 567.797 Thread 0x00007f9f6c0b2540 attached to JVMCI runtime 0
Event: 567.798 Thread 0x00007f9f6c0b2540 created JavaVM[9]@0x00007f9f1799e340 for JVMCI runtime 0
Event: 569.006 Thread 0x00007f9f6c0b2540 initializing JVMCI runtime 0
Event: 569.006 Thread 0x00007f9f6c0b2540 done waiting for JavaVM references initialization in JVMCI runtime 0

Compilation events (20 events):
Event: 500.696 Thread 0x00007f9f6c0b2540 nmethod 9992 0x00007f9f5b0d6010 code [0x00007f9f5b0d61c0, 0x00007f9f5b0d67f0]
Event: 500.697 Thread 0x00007f9f6c0b2540 9995       4       org.eclipse.jdt.internal.compiler.lookup.LookupEnvironment::convertUnresolvedBinaryToRawType (291 bytes)
Event: 506.649 Thread 0x00007f9f6c0b2540 nmethod 9995 0x00007f9f5afc8210 code [0x00007f9f5afc8400, 0x00007f9f5afc8698]
Event: 506.649 Thread 0x00007f9f6c0b2540 9999  s    4       java.util.Hashtable::put (104 bytes)
Event: 508.538 Thread 0x00007f9f6c0b3a50 10000       3       org.eclipse.jdt.ls.core.internal.handlers.ProgressReporterManager$ProgressReporter::subTask (40 bytes)
Event: 510.421 Thread 0x00007f9f6c0b3a50 nmethod 10000 0x00007f9f53eca990 code [0x00007f9f53ecab60, 0x00007f9f53ecae90]
Event: 511.334 Thread 0x00007f9f6c0b3a50 10001       3       org.eclipse.jdt.internal.compiler.ast.TypeReference::resolveAnnotations (315 bytes)
Event: 514.213 Thread 0x00007f9f6c0b3a50 nmethod 10001 0x00007f9f543aeb90 code [0x00007f9f543aeee0, 0x00007f9f543b1bd0]
Event: 525.825 Thread 0x00007f9f6c0b2540 nmethod 9999 0x00007f9f5b1ddf10 code [0x00007f9f5b1de0c0, 0x00007f9f5b1deaf0]
Event: 547.735 Thread 0x00007f9f6c0b2540 10003       4       org.eclipse.jdt.internal.compiler.util.CharArrayMap::get (38 bytes)
Event: 560.018 Thread 0x00007f9f6c0b2540 nmethod 10003 0x00007f9f5b1fcb90 code [0x00007f9f5b1fcd20, 0x00007f9f5b1fcf78]
Event: 560.018 Thread 0x00007f9f6c0b2540 10004       4       org.eclipse.jdt.internal.compiler.lookup.LookupEnvironment::getCachedType (122 bytes)
Event: 564.915 Thread 0x00007f9f6c0b2540 nmethod 10004 0x00007f9f5af87890 code [0x00007f9f5af87a20, 0x00007f9f5af87ad0]
Event: 567.797 Thread 0x00007f9f6c0b3a50 10006       1       org.eclipse.core.runtime.Status::getPlugin (5 bytes)
Event: 567.797 Thread 0x00007f9f6c0b2540 10005       4       com.google.gson.stream.JsonReader::nextQuotedValue (270 bytes)
Event: 567.797 Thread 0x00007f9f6c0b3a50 nmethod 10006 0x00007f9f5b0a7a90 code [0x00007f9f5b0a7c20, 0x00007f9f5b0a7cf0]
Event: 587.007 Thread 0x00007f9f6c0b3a50 10007       3       sun.util.calendar.ZoneInfo::getOffsets (342 bytes)
Event: 587.009 Thread 0x00007f9f6c0b3a50 nmethod 10007 0x00007f9f541a0d10 code [0x00007f9f541a0fa0, 0x00007f9f541a1be0]
Event: 587.009 Thread 0x00007f9f6c0b3a50 10008       3       sun.util.calendar.ZoneInfo::getLastRawOffset (10 bytes)
Event: 587.009 Thread 0x00007f9f6c0b3a50 nmethod 10008 0x00007f9f53b7b410 code [0x00007f9f53b7b5a0, 0x00007f9f53b7b6b0]

GC Heap History (20 events):
Event: 596.738 GC heap before
{Heap before GC invocations=721 (full 463):
 PSYoungGen      total 53248K, used 38678K [0x00000000f5580000, 0x00000000fd300000, 0x0000000100000000)
  eden space 11776K, 99% used [0x00000000f5580000,0x00000000f60ffff8,0x00000000f6100000)
  from space 41472K, 64% used [0x00000000f9980000,0x00000000fb3c5818,0x00000000fc200000)
  to   space 57856K, 0% used [0x00000000f6100000,0x00000000f6100000,0x00000000f9980000)
 ParOldGen       total 349696K, used 349693K [0x00000000e0000000, 0x00000000f5580000, 0x00000000f5580000)
  object space 349696K, 99% used [0x00000000e0000000,0x00000000f557f720,0x00000000f5580000)
 Metaspace       used 64570K, committed 65536K, reserved 1114112K
  class space    used 6382K, committed 6784K, reserved 1048576K
}
Event: 597.842 GC heap after
{Heap after GC invocations=721 (full 463):
 PSYoungGen      total 53248K, used 38677K [0x00000000f5580000, 0x00000000fd300000, 0x0000000100000000)
  eden space 11776K, 99% used [0x00000000f5580000,0x00000000f60fffd8,0x00000000f6100000)
  from space 41472K, 64% used [0x00000000f9980000,0x00000000fb3c5818,0x00000000fc200000)
  to   space 57856K, 0% used [0x00000000f6100000,0x00000000f6100000,0x00000000f9980000)
 ParOldGen       total 349696K, used 349693K [0x00000000e0000000, 0x00000000f5580000, 0x00000000f5580000)
  object space 349696K, 99% used [0x00000000e0000000,0x00000000f557f700,0x00000000f5580000)
 Metaspace       used 64570K, committed 65536K, reserved 1114112K
  class space    used 6382K, committed 6784K, reserved 1048576K
}
Event: 597.842 GC heap before
{Heap before GC invocations=722 (full 464):
 PSYoungGen      total 53248K, used 38678K [0x00000000f5580000, 0x00000000fd300000, 0x0000000100000000)
  eden space 11776K, 99% used [0x00000000f5580000,0x00000000f60ffff8,0x00000000f6100000)
  from space 41472K, 64% used [0x00000000f9980000,0x00000000fb3c5818,0x00000000fc200000)
  to   space 57856K, 0% used [0x00000000f6100000,0x00000000f6100000,0x00000000f9980000)
 ParOldGen       total 349696K, used 349693K [0x00000000e0000000, 0x00000000f5580000, 0x00000000f5580000)
  object space 349696K, 99% used [0x00000000e0000000,0x00000000f557f700,0x00000000f5580000)
 Metaspace       used 64570K, committed 65536K, reserved 1114112K
  class space    used 6382K, committed 6784K, reserved 1048576K
}
Event: 599.203 GC heap after
{Heap after GC invocations=722 (full 464):
 PSYoungGen      total 53248K, used 38677K [0x00000000f5580000, 0x00000000fd300000, 0x0000000100000000)
  eden space 11776K, 99% used [0x00000000f5580000,0x00000000f60fffd8,0x00000000f6100000)
  from space 41472K, 64% used [0x00000000f9980000,0x00000000fb3c5818,0x00000000fc200000)
  to   space 57856K, 0% used [0x00000000f6100000,0x00000000f6100000,0x00000000f9980000)
 ParOldGen       total 349696K, used 349693K [0x00000000e0000000, 0x00000000f5580000, 0x00000000f5580000)
  object space 349696K, 99% used [0x00000000e0000000,0x00000000f557f700,0x00000000f5580000)
 Metaspace       used 64570K, committed 65536K, reserved 1114112K
  class space    used 6382K, committed 6784K, reserved 1048576K
}
Event: 599.205 GC heap before
{Heap before GC invocations=723 (full 465):
 PSYoungGen      total 53248K, used 38678K [0x00000000f5580000, 0x00000000fd300000, 0x0000000100000000)
  eden space 11776K, 99% used [0x00000000f5580000,0x00000000f60ffff8,0x00000000f6100000)
  from space 41472K, 64% used [0x00000000f9980000,0x00000000fb3c5818,0x00000000fc200000)
  to   space 57856K, 0% used [0x00000000f6100000,0x00000000f6100000,0x00000000f9980000)
 ParOldGen       total 349696K, used 349693K [0x00000000e0000000, 0x00000000f5580000, 0x00000000f5580000)
  object space 349696K, 99% used [0x00000000e0000000,0x00000000f557f700,0x00000000f5580000)
 Metaspace       used 64570K, committed 65536K, reserved 1114112K
  class space    used 6382K, committed 6784K, reserved 1048576K
}
Event: 600.304 GC heap after
{Heap after GC invocations=723 (full 465):
 PSYoungGen      total 53248K, used 38677K [0x00000000f5580000, 0x00000000fd300000, 0x0000000100000000)
  eden space 11776K, 99% used [0x00000000f5580000,0x00000000f60fffd8,0x00000000f6100000)
  from space 41472K, 64% used [0x00000000f9980000,0x00000000fb3c5818,0x00000000fc200000)
  to   space 57856K, 0% used [0x00000000f6100000,0x00000000f6100000,0x00000000f9980000)
 ParOldGen       total 349696K, used 349693K [0x00000000e0000000, 0x00000000f5580000, 0x00000000f5580000)
  object space 349696K, 99% used [0x00000000e0000000,0x00000000f557f6e0,0x00000000f5580000)
 Metaspace       used 64570K, committed 65536K, reserved 1114112K
  class space    used 6382K, committed 6784K, reserved 1048576K
}
Event: 600.304 GC heap before
{Heap before GC invocations=724 (full 466):
 PSYoungGen      total 53248K, used 38678K [0x00000000f5580000, 0x00000000fd300000, 0x0000000100000000)
  eden space 11776K, 99% used [0x00000000f5580000,0x00000000f60ffff8,0x00000000f6100000)
  from space 41472K, 64% used [0x00000000f9980000,0x00000000fb3c5818,0x00000000fc200000)
  to   space 57856K, 0% used [0x00000000f6100000,0x00000000f6100000,0x00000000f9980000)
 ParOldGen       total 349696K, used 349693K [0x00000000e0000000, 0x00000000f5580000, 0x00000000f5580000)
  object space 349696K, 99% used [0x00000000e0000000,0x00000000f557f6e0,0x00000000f5580000)
 Metaspace       used 64570K, committed 65536K, reserved 1114112K
  class space    used 6382K, committed 6784K, reserved 1048576K
}
Event: 601.429 GC heap after
{Heap after GC invocations=724 (full 466):
 PSYoungGen      total 53248K, used 38677K [0x00000000f5580000, 0x00000000fd300000, 0x0000000100000000)
  eden space 11776K, 99% used [0x00000000f5580000,0x00000000f60fffd8,0x00000000f6100000)
  from space 41472K, 64% used [0x00000000f9980000,0x00000000fb3c5818,0x00000000fc200000)
  to   space 57856K, 0% used [0x00000000f6100000,0x00000000f6100000,0x00000000f9980000)
 ParOldGen       total 349696K, used 349693K [0x00000000e0000000, 0x00000000f5580000, 0x00000000f5580000)
  object space 349696K, 99% used [0x00000000e0000000,0x00000000f557f6e0,0x00000000f5580000)
 Metaspace       used 64570K, committed 65536K, reserved 1114112K
  class space    used 6382K, committed 6784K, reserved 1048576K
}
Event: 601.430 GC heap before
{Heap before GC invocations=725 (full 467):
 PSYoungGen      total 53248K, used 38678K [0x00000000f5580000, 0x00000000fd300000, 0x0000000100000000)
  eden space 11776K, 100% used [0x00000000f5580000,0x00000000f6100000,0x00000000f6100000)
  from space 41472K, 64% used [0x00000000f9980000,0x00000000fb3c5818,0x00000000fc200000)
  to   space 57856K, 0% used [0x00000000f6100000,0x00000000f6100000,0x00000000f9980000)
 ParOldGen       total 349696K, used 349693K [0x00000000e0000000, 0x00000000f5580000, 0x00000000f5580000)
  object space 349696K, 99% used [0x00000000e0000000,0x00000000f557f6e0,0x00000000f5580000)
 Metaspace       used 64570K, committed 65536K, reserved 1114112K
  class space    used 6382K, committed 6784K, reserved 1048576K
}
Event: 602.511 GC heap after
{Heap after GC invocations=725 (full 467):
 PSYoungGen      total 53248K, used 38678K [0x00000000f5580000, 0x00000000fd300000, 0x0000000100000000)
  eden space 11776K, 99% used [0x00000000f5580000,0x00000000f60ffff0,0x00000000f6100000)
  from space 41472K, 64% used [0x00000000f9980000,0x00000000fb3c5818,0x00000000fc200000)
  to   space 57856K, 0% used [0x00000000f6100000,0x00000000f6100000,0x00000000f9980000)
 ParOldGen       total 349696K, used 349693K [0x00000000e0000000, 0x00000000f5580000, 0x00000000f5580000)
  object space 349696K, 99% used [0x00000000e0000000,0x00000000f557f6e0,0x00000000f5580000)
 Metaspace       used 64570K, committed 65536K, reserved 1114112K
  class space    used 6382K, committed 6784K, reserved 1048576K
}
Event: 602.514 GC heap before
{Heap before GC invocations=726 (full 468):
 PSYoungGen      total 53248K, used 38678K [0x00000000f5580000, 0x00000000fd300000, 0x0000000100000000)
  eden space 11776K, 100% used [0x00000000f5580000,0x00000000f6100000,0x00000000f6100000)
  from space 41472K, 64% used [0x00000000f9980000,0x00000000fb3c5818,0x00000000fc200000)
  to   space 57856K, 0% used [0x00000000f6100000,0x00000000f6100000,0x00000000f9980000)
 ParOldGen       total 349696K, used 349693K [0x00000000e0000000, 0x00000000f5580000, 0x00000000f5580000)
  object space 349696K, 99% used [0x00000000e0000000,0x00000000f557f6e0,0x00000000f5580000)
 Metaspace       used 64570K, committed 65536K, reserved 1114112K
  class space    used 6382K, committed 6784K, reserved 1048576K
}
Event: 603.547 GC heap after
{Heap after GC invocations=726 (full 468):
 PSYoungGen      total 53248K, used 38678K [0x00000000f5580000, 0x00000000fd300000, 0x0000000100000000)
  eden space 11776K, 99% used [0x00000000f5580000,0x00000000f60ffff0,0x00000000f6100000)
  from space 41472K, 64% used [0x00000000f9980000,0x00000000fb3c5818,0x00000000fc200000)
  to   space 57856K, 0% used [0x00000000f6100000,0x00000000f6100000,0x00000000f9980000)
 ParOldGen       total 349696K, used 349693K [0x00000000e0000000, 0x00000000f5580000, 0x00000000f5580000)
  object space 349696K, 99% used [0x00000000e0000000,0x00000000f557f6e0,0x00000000f5580000)
 Metaspace       used 64570K, committed 65536K, reserved 1114112K
  class space    used 6382K, committed 6784K, reserved 1048576K
}
Event: 603.547 GC heap before
{Heap before GC invocations=727 (full 469):
 PSYoungGen      total 53248K, used 38678K [0x00000000f5580000, 0x00000000fd300000, 0x0000000100000000)
  eden space 11776K, 99% used [0x00000000f5580000,0x00000000f60ffff0,0x00000000f6100000)
  from space 41472K, 64% used [0x00000000f9980000,0x00000000fb3c5818,0x00000000fc200000)
  to   space 57856K, 0% used [0x00000000f6100000,0x00000000f6100000,0x00000000f9980000)
 ParOldGen       total 349696K, used 349693K [0x00000000e0000000, 0x00000000f5580000, 0x00000000f5580000)
  object space 349696K, 99% used [0x00000000e0000000,0x00000000f557f6f8,0x00000000f5580000)
 Metaspace       used 64570K, committed 65536K, reserved 1114112K
  class space    used 6382K, committed 6784K, reserved 1048576K
}
Event: 604.698 GC heap after
{Heap after GC invocations=727 (full 469):
 PSYoungGen      total 53248K, used 38678K [0x00000000f5580000, 0x00000000fd300000, 0x0000000100000000)
  eden space 11776K, 99% used [0x00000000f5580000,0x00000000f60ffff0,0x00000000f6100000)
  from space 41472K, 64% used [0x00000000f9980000,0x00000000fb3c5818,0x00000000fc200000)
  to   space 57856K, 0% used [0x00000000f6100000,0x00000000f6100000,0x00000000f9980000)
 ParOldGen       total 349696K, used 349693K [0x00000000e0000000, 0x00000000f5580000, 0x00000000f5580000)
  object space 349696K, 99% used [0x00000000e0000000,0x00000000f557f6f8,0x00000000f5580000)
 Metaspace       used 64570K, committed 65536K, reserved 1114112K
  class space    used 6382K, committed 6784K, reserved 1048576K
}
Event: 604.698 GC heap before
{Heap before GC invocations=728 (full 470):
 PSYoungGen      total 53248K, used 38678K [0x00000000f5580000, 0x00000000fd300000, 0x0000000100000000)
  eden space 11776K, 99% used [0x00000000f5580000,0x00000000f60ffff0,0x00000000f6100000)
  from space 41472K, 64% used [0x00000000f9980000,0x00000000fb3c5818,0x00000000fc200000)
  to   space 57856K, 0% used [0x00000000f6100000,0x00000000f6100000,0x00000000f9980000)
 ParOldGen       total 349696K, used 349693K [0x00000000e0000000, 0x00000000f5580000, 0x00000000f5580000)
  object space 349696K, 99% used [0x00000000e0000000,0x00000000f557f6f8,0x00000000f5580000)
 Metaspace       used 64570K, committed 65536K, reserved 1114112K
  class space    used 6382K, committed 6784K, reserved 1048576K
}
Event: 605.726 GC heap after
{Heap after GC invocations=728 (full 470):
 PSYoungGen      total 53248K, used 38678K [0x00000000f5580000, 0x00000000fd300000, 0x0000000100000000)
  eden space 11776K, 99% used [0x00000000f5580000,0x00000000f60ffff0,0x00000000f6100000)
  from space 41472K, 64% used [0x00000000f9980000,0x00000000fb3c5818,0x00000000fc200000)
  to   space 57856K, 0% used [0x00000000f6100000,0x00000000f6100000,0x00000000f9980000)
 ParOldGen       total 349696K, used 349693K [0x00000000e0000000, 0x00000000f5580000, 0x00000000f5580000)
  object space 349696K, 99% used [0x00000000e0000000,0x00000000f557f6f8,0x00000000f5580000)
 Metaspace       used 64570K, committed 65536K, reserved 1114112K
  class space    used 6382K, committed 6784K, reserved 1048576K
}
Event: 605.727 GC heap before
{Heap before GC invocations=729 (full 471):
 PSYoungGen      total 53248K, used 38678K [0x00000000f5580000, 0x00000000fd300000, 0x0000000100000000)
  eden space 11776K, 99% used [0x00000000f5580000,0x00000000f60ffff0,0x00000000f6100000)
  from space 41472K, 64% used [0x00000000f9980000,0x00000000fb3c5818,0x00000000fc200000)
  to   space 57856K, 0% used [0x00000000f6100000,0x00000000f6100000,0x00000000f9980000)
 ParOldGen       total 349696K, used 349694K [0x00000000e0000000, 0x00000000f5580000, 0x00000000f5580000)
  object space 349696K, 99% used [0x00000000e0000000,0x00000000f557f9b0,0x00000000f5580000)
 Metaspace       used 64570K, committed 65536K, reserved 1114112K
  class space    used 6382K, committed 6784K, reserved 1048576K
}
Event: 606.742 GC heap after
{Heap after GC invocations=729 (full 471):
 PSYoungGen      total 53248K, used 38678K [0x00000000f5580000, 0x00000000fd300000, 0x0000000100000000)
  eden space 11776K, 99% used [0x00000000f5580000,0x00000000f60ffff0,0x00000000f6100000)
  from space 41472K, 64% used [0x00000000f9980000,0x00000000fb3c5818,0x00000000fc200000)
  to   space 57856K, 0% used [0x00000000f6100000,0x00000000f6100000,0x00000000f9980000)
 ParOldGen       total 349696K, used 349694K [0x00000000e0000000, 0x00000000f5580000, 0x00000000f5580000)
  object space 349696K, 99% used [0x00000000e0000000,0x00000000f557f900,0x00000000f5580000)
 Metaspace       used 64570K, committed 65536K, reserved 1114112K
  class space    used 6382K, committed 6784K, reserved 1048576K
}
Event: 606.742 GC heap before
{Heap before GC invocations=730 (full 472):
 PSYoungGen      total 53248K, used 38678K [0x00000000f5580000, 0x00000000fd300000, 0x0000000100000000)
  eden space 11776K, 99% used [0x00000000f5580000,0x00000000f60ffff0,0x00000000f6100000)
  from space 41472K, 64% used [0x00000000f9980000,0x00000000fb3c5818,0x00000000fc200000)
  to   space 57856K, 0% used [0x00000000f6100000,0x00000000f6100000,0x00000000f9980000)
 ParOldGen       total 349696K, used 349694K [0x00000000e0000000, 0x00000000f5580000, 0x00000000f5580000)
  object space 349696K, 99% used [0x00000000e0000000,0x00000000f557f900,0x00000000f5580000)
 Metaspace       used 64570K, committed 65536K, reserved 1114112K
  class space    used 6382K, committed 6784K, reserved 1048576K
}
Event: 607.810 GC heap after
{Heap after GC invocations=730 (full 472):
 PSYoungGen      total 53248K, used 38678K [0x00000000f5580000, 0x00000000fd300000, 0x0000000100000000)
  eden space 11776K, 99% used [0x00000000f5580000,0x00000000f60ffff0,0x00000000f6100000)
  from space 41472K, 64% used [0x00000000f9980000,0x00000000fb3c5818,0x00000000fc200000)
  to   space 57856K, 0% used [0x00000000f6100000,0x00000000f6100000,0x00000000f9980000)
 ParOldGen       total 349696K, used 349694K [0x00000000e0000000, 0x00000000f5580000, 0x00000000f5580000)
  object space 349696K, 99% used [0x00000000e0000000,0x00000000f557f900,0x00000000f5580000)
 Metaspace       used 64570K, committed 65536K, reserved 1114112K
  class space    used 6382K, committed 6784K, reserved 1048576K
}

Dll operation events (9 events):
Event: 0.001 Loaded shared library /nix/store/gpxl5qgg8kicmcvivwmybwjlpf7wh20l-graalvm17-ce-22.3.0/lib/libjava.so
Event: 0.005 Loaded shared library /nix/store/gpxl5qgg8kicmcvivwmybwjlpf7wh20l-graalvm17-ce-22.3.0/lib/libjsvml.so
Event: 0.117 Loaded shared library /nix/store/gpxl5qgg8kicmcvivwmybwjlpf7wh20l-graalvm17-ce-22.3.0/lib/libnio.so
Event: 0.119 Loaded shared library /nix/store/gpxl5qgg8kicmcvivwmybwjlpf7wh20l-graalvm17-ce-22.3.0/lib/libzip.so
Event: 0.121 Loaded shared library /nix/store/gpxl5qgg8kicmcvivwmybwjlpf7wh20l-graalvm17-ce-22.3.0/lib/libjvmcicompiler.so
Event: 0.418 Loaded shared library /nix/store/gpxl5qgg8kicmcvivwmybwjlpf7wh20l-graalvm17-ce-22.3.0/lib/libjimage.so
Event: 0.899 Loaded shared library /nix/store/gpxl5qgg8kicmcvivwmybwjlpf7wh20l-graalvm17-ce-22.3.0/lib/libnet.so
Event: 3.416 Loaded shared library /home/runner/.cache/jdt-language-server/config/org.eclipse.equinox.launcher/org.eclipse.equinox.launcher.gtk.linux.x86_64_1.2.400.v20211117-0650/eclipse_11600.so
Event: 10.104 Loaded shared library /nix/store/gpxl5qgg8kicmcvivwmybwjlpf7wh20l-graalvm17-ce-22.3.0/lib/libextnet.so

Deoptimization events (20 events):
Event: 146.304 Thread 0x00007f9ef81674f0 DEOPT PACKING pc=0x00007f9f5b1e6d95 sp=0x00007f9f18bfd860
Event: 146.304 Thread 0x00007f9ef81674f0 DEOPT UNPACKING pc=0x00007f9f53505325 sp=0x00007f9f18bfcd10 mode 3
Event: 146.304 Thread 0x00007f9ef81674f0 Uncommon trap: trap_request=0xffffffed fr.pc=0x00007f9f5b1de99d relative=0x00000000000008dd
Event: 146.304 Thread 0x00007f9ef81674f0 Uncommon trap: reason=null_assert_or_unreached0 action=reinterpret pc=0x00007f9f5b1de99d method=java.util.Hashtable.put(Ljava/lang/Object;Ljava/lang/Object;)Ljava/lang/Object; @ 63 jvmci
Event: 146.304 Thread 0x00007f9ef81674f0 DEOPT PACKING pc=0x00007f9f5b1de99d sp=0x00007f9f18bfd630
Event: 146.304 Thread 0x00007f9ef81674f0 DEOPT UNPACKING pc=0x00007f9f53505325 sp=0x00007f9f18bfcae0 mode 3
Event: 146.413 Thread 0x00007f9ef81674f0 Uncommon trap: trap_request=0xffffffed fr.pc=0x00007f9f5b241a3f relative=0x00000000000003bf
Event: 146.413 Thread 0x00007f9ef81674f0 Uncommon trap: reason=null_assert_or_unreached0 action=reinterpret pc=0x00007f9f5b241a3f method=org.eclipse.jdt.internal.core.JavaElement.hashCode()I @ 0 jvmci
Event: 146.413 Thread 0x00007f9ef81674f0 DEOPT PACKING pc=0x00007f9f5b241a3f sp=0x00007f9f18bfd290
Event: 146.413 Thread 0x00007f9ef81674f0 DEOPT UNPACKING pc=0x00007f9f53505325 sp=0x00007f9f18bfc760 mode 3
Event: 147.202 Thread 0x00007f9f3c001d30 DEOPT PACKING pc=0x00007f9f54612daa sp=0x00007f9f51c165f0
Event: 147.202 Thread 0x00007f9f3c001d30 DEOPT UNPACKING pc=0x00007f9f53505325 sp=0x00007f9f51c15b10 mode 0
Event: 147.203 Thread 0x00007f9f3c001d30 DEOPT PACKING pc=0x00007f9f53fda4e1 sp=0x00007f9f51c163e0
Event: 147.203 Thread 0x00007f9f3c001d30 DEOPT UNPACKING pc=0x00007f9f53505325 sp=0x00007f9f51c158a0 mode 0
Event: 149.037 Thread 0x00007f9f3c001d30 DEOPT PACKING pc=0x00007f9f53fda4e1 sp=0x00007f9f51c16460
Event: 149.037 Thread 0x00007f9f3c001d30 DEOPT UNPACKING pc=0x00007f9f53505325 sp=0x00007f9f51c15920 mode 0
Event: 605.727 Thread 0x00007f9f6c0b2540 Uncommon trap: trap_request=0xffffff8f fr.pc=0x00007f9f5b1e0b9b relative=0x000000000000017b
Event: 605.727 Thread 0x00007f9f6c0b2540 Uncommon trap: reason=constraint action=none pc=0x00007f9f5b1e0b9b method=java.io.ByteArrayOutputStream.<init>(I)V @ 0 jvmci
Event: 605.727 Thread 0x00007f9f6c0b2540 DEOPT PACKING pc=0x00007f9f5b1e0b9b sp=0x00007f9f52618020
Event: 605.727 Thread 0x00007f9f6c0b2540 DEOPT UNPACKING pc=0x00007f9f53505325 sp=0x00007f9f526174c8 mode 3

Classes unloaded (20 events):
Event: 57.697 Thread 0x00007f9f6c0a1c10 Unloading class 0x0000000800d05000 'java/lang/invoke/LambdaForm$MH+0x0000000800d05000'
Event: 57.697 Thread 0x00007f9f6c0a1c10 Unloading class 0x0000000800d04c00 'java/lang/invoke/LambdaForm$MH+0x0000000800d04c00'
Event: 57.697 Thread 0x00007f9f6c0a1c10 Unloading class 0x0000000800d04800 'java/lang/invoke/LambdaForm$MH+0x0000000800d04800'
Event: 57.697 Thread 0x00007f9f6c0a1c10 Unloading class 0x0000000800d04000 'java/lang/invoke/LambdaForm$MH+0x0000000800d04000'
Event: 57.697 Thread 0x00007f9f6c0a1c10 Unloading class 0x0000000800c1d000 'jdk/internal/reflect/GeneratedMethodAccessor5'
Event: 57.697 Thread 0x00007f9f6c0a1c10 Unloading class 0x0000000800c1cc00 'jdk/internal/reflect/GeneratedMethodAccessor4'
Event: 57.697 Thread 0x00007f9f6c0a1c10 Unloading class 0x0000000800c1c800 'jdk/internal/reflect/GeneratedMethodAccessor3'
Event: 57.697 Thread 0x00007f9f6c0a1c10 Unloading class 0x0000000800c1c400 'jdk/internal/reflect/GeneratedMethodAccessor2'
Event: 57.697 Thread 0x00007f9f6c0a1c10 Unloading class 0x0000000800c1c000 'jdk/internal/reflect/GeneratedMethodAccessor1'
Event: 57.697 Thread 0x00007f9f6c0a1c10 Unloading class 0x0000000800c01c00 'java/lang/invoke/LambdaForm$DMH+0x0000000800c01c00'
Event: 125.035 Thread 0x00007f9f6c0a1c10 Unloading class 0x0000000801270000 'jdk/internal/reflect/GeneratedConstructorAccessor44'
Event: 125.035 Thread 0x00007f9f6c0a1c10 Unloading class 0x0000000801118000 'jdk/internal/reflect/GeneratedConstructorAccessor42'
Event: 278.014 Thread 0x00007f9f6c0a1c10 Unloading class 0x0000000801271000 'java/lang/invoke/LambdaForm$MH+0x0000000801271000'
Event: 278.014 Thread 0x00007f9f6c0a1c10 Unloading class 0x0000000801270c00 'java/lang/invoke/LambdaForm$MH+0x0000000801270c00'
Event: 278.014 Thread 0x00007f9f6c0a1c10 Unloading class 0x0000000801270800 'java/lang/invoke/LambdaForm$MH+0x0000000801270800'
Event: 278.014 Thread 0x00007f9f6c0a1c10 Unloading class 0x0000000801270400 'java/lang/invoke/LambdaForm$MH+0x0000000801270400'
Event: 278.014 Thread 0x00007f9f6c0a1c10 Unloading class 0x0000000801270000 'java/lang/invoke/LambdaForm$MH+0x0000000801270000'
Event: 278.014 Thread 0x00007f9f6c0a1c10 Unloading class 0x0000000801118000 'java/lang/invoke/LambdaForm$MH+0x0000000801118000'
Event: 279.099 Thread 0x00007f9f6c0a1c10 Unloading class 0x0000000801271800 'jdk/internal/reflect/GeneratedConstructorAccessor45'
Event: 530.527 Thread 0x00007f9f6c0a1c10 Unloading class 0x0000000801271c00 'jdk/internal/reflect/GeneratedConstructorAccessor46'

Classes redefined (0 events):
No events

Internal exceptions (20 events):
Event: 100.297 Thread 0x00007f9ef8126e90 Implicit null exception at 0x00007f9f5b1cac95 to 0x00007f9f5b1cafba
Event: 100.297 Thread 0x00007f9ef8126e90 Implicit null exception at 0x00007f9f5b1cc621 to 0x00007f9f5b1cc90e
Event: 100.297 Thread 0x00007f9ef8126e90 Implicit null exception at 0x00007f9f5b1c9a21 to 0x00007f9f5b1c9bf0
Event: 100.585 Thread 0x00007f9ef81286d0 Exception <a 'java/lang/ArrayIndexOutOfBoundsException'{0x00000000f5821830}: Index 566 out of bounds for length 566> (0x00000000f5821830) 
thrown [src/hotspot/share/interpreter/interpreterRuntime.cpp, line 428]
Event: 103.335 Thread 0x00007f9efc001e40 Implicit null exception at 0x00007f9f5b1f03b0 to 0x00007f9f5b1f0419
Event: 132.243 Thread 0x00007f9f6c4cc510 Exception <a 'java/lang/OutOfMemoryError'{0x00000000e0004500}> (0x00000000e0004500) 
thrown [src/hotspot/share/gc/shared/memAllocator.cpp, line 136]
Event: 132.243 Thread 0x00007f9f6c4cc510 Exception <a 'java/lang/reflect/InvocationTargetException'{0x00000000f557fa88}> (0x00000000f557fa88) 
thrown [src/hotspot/share/runtime/reflection.cpp, line 1119]
Event: 138.297 Thread 0x00007f9ef4059480 Exception <a 'java/lang/OutOfMemoryError'{0x00000000e00041e0}> (0x00000000e00041e0) 
thrown [src/hotspot/share/gc/shared/memAllocator.cpp, line 138]
Event: 138.297 Thread 0x00007f9ef4059480 Implicit null exception at 0x00007f9f5b25938e to 0x00007f9f5b25993f
Event: 141.208 Thread 0x00007f9ef4059480 Exception <a 'java/lang/OutOfMemoryError'{0x00000000e00041e0}> (0x00000000e00041e0) 
thrown [src/hotspot/share/gc/shared/memAllocator.cpp, line 138]
Event: 141.208 Thread 0x00007f9ef4059480 Implicit null exception at 0x00007f9f5b1c00ed to 0x00007f9f5b1c0179
Event: 143.019 Thread 0x00007f9ef4059480 Exception <a 'java/lang/OutOfMemoryError'{0x00000000e0004500}> (0x00000000e0004500) 
thrown [src/hotspot/share/gc/shared/memAllocator.cpp, line 136]
Event: 144.998 Thread 0x00007f9f6c4cc510 Exception <a 'java/lang/ClassNotFoundException'{0x00000000f5bd8540}: sun/util/logging/resources/spi/loggingProvider> (0x00000000f5bd8540) 
thrown [src/hotspot/share/classfile/systemDictionary.cpp, line 256]
Event: 145.403 Thread 0x00007f9ef81674f0 Exception <a 'java/io/FileNotFoundException'{0x00000000f670cb58}> (0x00000000f670cb58) 
thrown [src/hotspot/share/prims/jni.cpp, line 516]
Event: 146.413 Thread 0x00007f9ef81674f0 Implicit null exception at 0x00007f9f5b2416b8 to 0x00007f9f5b241a24
Event: 146.420 Thread 0x00007f9ef81674f0 Exception <a 'java/io/FileNotFoundException'{0x00000000f5b28b78}> (0x00000000f5b28b78) 
thrown [src/hotspot/share/prims/jni.cpp, line 516]
Event: 536.051 Thread 0x00007f9f00345670 Exception <a 'java/lang/OutOfMemoryError'{0x00000000e0004500}> (0x00000000e0004500) 
thrown [src/hotspot/share/gc/shared/memAllocator.cpp, line 136]
Event: 605.727 Thread 0x00007f9f6c0b2540 Exception <a 'java/lang/OutOfMemoryError'{0x00000000e00041e0}> (0x00000000e00041e0) 
thrown [src/hotspot/share/gc/shared/memAllocator.cpp, line 138]
Event: 605.727 Thread 0x00007f9f6c0b2540 Implicit null exception at 0x00007f9f5b1e0b51 to 0x00007f9f5b1e0b80
Event: 607.810 Thread 0x00007f9f6c0b2540 Exception <a 'java/lang/OutOfMemoryError'{0x00000000e0004500}> (0x00000000e0004500) 
thrown [src/hotspot/share/gc/shared/memAllocator.cpp, line 136]

VM Operations (20 events):
Event: 594.707 Executing VM operation: ParallelGCFailedAllocation
Event: 595.634 Executing VM operation: ParallelGCFailedAllocation done
Event: 595.634 Executing VM operation: ParallelGCFailedAllocation
Event: 596.737 Executing VM operation: ParallelGCFailedAllocation done
Event: 596.738 Executing VM operation: ParallelGCFailedAllocation
Event: 597.842 Executing VM operation: ParallelGCFailedAllocation done
Event: 597.842 Executing VM operation: ParallelGCFailedAllocation
Event: 599.203 Executing VM operation: ParallelGCFailedAllocation done
Event: 599.203 Executing VM operation: ParallelGCFailedAllocation
Event: 600.304 Executing VM operation: ParallelGCFailedAllocation done
Event: 600.304 Executing VM operation: ParallelGCFailedAllocation
Event: 601.429 Executing VM operation: ParallelGCFailedAllocation done
Event: 601.430 Executing VM operation: ParallelGCFailedAllocation
Event: 602.511 Executing VM operation: ParallelGCFailedAllocation done
Event: 602.513 Executing VM operation: ParallelGCFailedAllocation
Event: 603.547 Executing VM operation: ParallelGCFailedAllocation done
Event: 603.547 Executing VM operation: ParallelGCFailedAllocation
Event: 605.726 Executing VM operation: ParallelGCFailedAllocation done
Event: 605.727 Executing VM operation: ParallelGCFailedAllocation
Event: 607.810 Executing VM operation: ParallelGCFailedAllocation done

Events (20 events):
Event: 191.901 Thread 0x00007f9ef814dab0 Thread added: 0x00007f9ef814dab0
Event: 191.901 Protecting memory [0x00007f9f51c18000,0x00007f9f51c1c000] with protection modes 0
Event: 200.798 loading class java/util/concurrent/CancellationException
Event: 202.815 loading class java/util/concurrent/CancellationException done
Event: 210.339 Thread 0x00007f9ef40010d0 Thread exited: 0x00007f9ef40010d0
Event: 210.339 Thread 0x00007f9f20001480 Thread exited: 0x00007f9f20001480
Event: 213.726 Thread 0x00007f9ef40f6550 Thread exited: 0x00007f9ef40f6550
Event: 234.538 Thread 0x00007f9ef8037250 Thread added: 0x00007f9ef8037250
Event: 234.538 Protecting memory [0x00007f9f50100000,0x00007f9f50104000] with protection modes 0
Event: 242.007 Thread 0x00007f9ef8036020 Thread added: 0x00007f9ef8036020
Event: 242.007 Protecting memory [0x00007f9f50400000,0x00007f9f50404000] with protection modes 0
Event: 251.328 Thread 0x00007f9ef814dab0 Thread exited: 0x00007f9ef814dab0
Event: 339.025 Thread 0x00007f9ef8036020 Thread exited: 0x00007f9ef8036020
Event: 348.570 loading class sun/security/ssl/Alert$AlertMessage
Event: 348.570 loading class sun/security/ssl/Alert$AlertMessage done
Event: 364.229 Thread 0x00007f9f0c438200 Thread exited: 0x00007f9f0c438200
Event: 364.229 Thread 0x00007f9f1c0023a0 Thread exited: 0x00007f9f1c0023a0
Event: 421.616 Thread 0x00007f9f0c4391c0 Thread exited: 0x00007f9f0c4391c0
Event: 446.304 Thread 0x00007f9ef814dab0 Thread added: 0x00007f9ef814dab0
Event: 446.304 Protecting memory [0x00007f9f18700000,0x00007f9f18704000] with protection modes 0


Dynamic libraries:
e0000000-f5580000 rw-p 00000000 00:00 0 
f5580000-fd300000 rw-p 00000000 00:00 0 
fd300000-100000000 ---p 00000000 00:00 0 
800000000-800449000 rw-p 00001000 00:a65 4611686019135357769             /nix/store/gpxl5qgg8kicmcvivwmybwjlpf7wh20l-graalvm17-ce-22.3.0/lib/server/classes.jsa
800449000-800bc8000 r--p 0044a000 00:a65 4611686019135357769             /nix/store/gpxl5qgg8kicmcvivwmybwjlpf7wh20l-graalvm17-ce-22.3.0/lib/server/classes.jsa
800bc8000-800c00000 ---p 00000000 00:00 0 
800c00000-800c20000 rw-p 00000000 00:00 0 
800c20000-800c40000 rw-p 00000000 00:00 0 
800c40000-800cc0000 rw-p 00000000 00:00 0 
800cc0000-800d00000 rw-p 00000000 00:00 0 
800d00000-800dc0000 rw-p 00000000 00:00 0 
800dc0000-800e00000 rw-p 00000000 00:00 0 
800e00000-800f40000 rw-p 00000000 00:00 0 
800f40000-800fc0000 rw-p 00000000 00:00 0 
800fc0000-801000000 rw-p 00000000 00:00 0 
801000000-8012a0000 rw-p 00000000 00:00 0 
8012a0000-840c00000 ---p 00000000 00:00 0 
56170d3b9000-56170d3ba000 r-xp 00000000 00:a65 4611686019099417844       /nix/store/gpxl5qgg8kicmcvivwmybwjlpf7wh20l-graalvm17-ce-22.3.0/bin/.java-wrapped
56170d3bb000-56170d3bc000 r--p 00001000 00:a65 4611686019099417844       /nix/store/gpxl5qgg8kicmcvivwmybwjlpf7wh20l-graalvm17-ce-22.3.0/bin/.java-wrapped
56170d3bc000-56170d3bd000 rw-p 00002000 00:a65 4611686019099417844       /nix/store/gpxl5qgg8kicmcvivwmybwjlpf7wh20l-graalvm17-ce-22.3.0/bin/.java-wrapped
56170d3bd000-56170d3be000 rw-p 00004000 00:a65 4611686019099417844       /nix/store/gpxl5qgg8kicmcvivwmybwjlpf7wh20l-graalvm17-ce-22.3.0/bin/.java-wrapped
56170d3be000-56170d3bf000 rw-p 00005000 00:a65 4611686019099417844       /nix/store/gpxl5qgg8kicmcvivwmybwjlpf7wh20l-graalvm17-ce-22.3.0/bin/.java-wrapped
56170edb5000-56170ee3f000 rw-p 00000000 00:00 0                          [heap]
7f9ecf000000-7f9ecf160000 rw-p 00000000 00:00 0 
7f9ecf160000-7f9ecf800000 ---p 00000000 00:00 0 
7f9ee4000000-7f9ee4800000 rw-p 00000000 00:00 0 
7f9ee4c00000-7f9ee4f80000 rw-p 00000000 00:00 0 
7f9ee4f80000-7f9ee5000000 rw-p 00000000 00:00 0 
7f9ee5000000-7f9ee5180000 rw-p 00000000 00:00 0 
7f9ee5180000-7f9ee5400000 rw-p 00000000 00:00 0 
7f9ee64b3000-7f9ef0000000 r--s 00000000 00:a65 4611686019135192581       /nix/store/gpxl5qgg8kicmcvivwmybwjlpf7wh20l-graalvm17-ce-22.3.0/lib/modules
7f9ef0000000-7f9ef0049000 rw-p 00000000 00:00 0 
7f9ef0049000-7f9ef4000000 ---p 00000000 00:00 0 
7f9ef4000000-7f9ef416e000 rw-p 00000000 00:00 0 
7f9ef416e000-7f9ef8000000 ---p 00000000 00:00 0 
7f9ef8000000-7f9ef8204000 rw-p 00000000 00:00 0 
7f9ef8204000-7f9efc000000 ---p 00000000 00:00 0 
7f9efc000000-7f9efc021000 rw-p 00000000 00:00 0 
7f9efc021000-7f9f00000000 ---p 00000000 00:00 0 
7f9f00000000-7f9f00913000 rw-p 00000000 00:00 0 
7f9f00913000-7f9f04000000 ---p 00000000 00:00 0 
7f9f04000000-7f9f04313000 rw-p 00000000 00:00 0 
7f9f04313000-7f9f08000000 ---p 00000000 00:00 0 
7f9f08000000-7f9f08021000 rw-p 00000000 00:00 0 
7f9f08021000-7f9f0c000000 ---p 00000000 00:00 0 
7f9f0c000000-7f9f0c536000 rw-p 00000000 00:00 0 
7f9f0c536000-7f9f10000000 ---p 00000000 00:00 0 
7f9f10000000-7f9f10031000 rw-p 00000000 00:00 0 
7f9f10031000-7f9f14000000 ---p 00000000 00:00 0 
7f9f14000000-7f9f14500000 rw-p 00000000 00:00 0 
7f9f14500000-7f9f14600000 rw-p 00000000 00:00 0 
7f9f14600000-7f9f14800000 rw-p 00000000 00:00 0 
7f9f14800000-7f9f14900000 rw-p 00000000 00:00 0 
7f9f14900000-7f9f14ae0000 rw-p 00000000 00:00 0 
7f9f14ae0000-7f9f14b00000 rw-p 00000000 00:00 0 
7f9f14b00000-7f9f14d00000 rw-p 00000000 00:00 0 
7f9f14d00000-7f9f14e00000 rw-p 00000000 00:00 0 
7f9f14e00000-7f9f15000000 rw-p 00000000 00:00 0 
7f9f15000000-7f9f15100000 rw-p 00000000 00:00 0 
7f9f15100000-7f9f15200000 rw-p 00000000 00:00 0 
7f9f15200000-7f9f15700000 rw-p 00000000 00:00 0 
7f9f15700000-7f9f15800000 rw-p 00000000 00:00 0 
7f9f15800000-7f9f15900000 rw-p 00000000 00:00 0 
7f9f15900000-7f9f15a00000 rw-p 00000000 00:00 0 
7f9f15a00000-7f9f15f00000 rw-p 00000000 00:00 0 
7f9f15f00000-7f9f16000000 rw-p 00000000 00:00 0 
7f9f16000000-7f9f16010000 r-xp 00000000 00:a62 366                       /home/runner/.cache/jdt-language-server/config/org.eclipse.equinox.launcher/org.eclipse.equinox.launcher.gtk.linux.x86_64_1.2.400.v20211117-0650/eclipse_11600.so
7f9f16010000-7f9f1620f000 ---p 00010000 00:a62 366                       /home/runner/.cache/jdt-language-server/config/org.eclipse.equinox.launcher/org.eclipse.equinox.launcher.gtk.linux.x86_64_1.2.400.v20211117-0650/eclipse_11600.so
7f9f1620f000-7f9f16210000 r--p 0000f000 00:a62 366                       /home/runner/.cache/jdt-language-server/config/org.eclipse.equinox.launcher/org.eclipse.equinox.launcher.gtk.linux.x86_64_1.2.400.v20211117-0650/eclipse_11600.so
7f9f16210000-7f9f16211000 rw-p 00010000 00:a62 366                       /home/runner/.cache/jdt-language-server/config/org.eclipse.equinox.launcher/org.eclipse.equinox.launcher.gtk.linux.x86_64_1.2.400.v20211117-0650/eclipse_11600.so
7f9f16d00000-7f9f16e00000 ---p 00000000 00:00 0 
7f9f16e00000-7f9f173af000 r--p 01122000 00:a65 4611686019135190040       /nix/store/gpxl5qgg8kicmcvivwmybwjlpf7wh20l-graalvm17-ce-22.3.0/lib/libjvmcicompiler.so
7f9f173af000-7f9f17500000 r--p 00000000 00:00 0 
7f9f17500000-7f9f1753d000 rw-p 00000000 00:00 0 
7f9f1753d000-7f9f17a5d000 rw-p 0185f000 00:a65 4611686019135190040       /nix/store/gpxl5qgg8kicmcvivwmybwjlpf7wh20l-graalvm17-ce-22.3.0/lib/libjvmcicompiler.so
7f9f17a5d000-7f9f17e44000 r--p 01d7f000 00:a65 4611686019135190040       /nix/store/gpxl5qgg8kicmcvivwmybwjlpf7wh20l-graalvm17-ce-22.3.0/lib/libjvmcicompiler.so
7f9f17f00000-7f9f17f04000 ---p 00000000 00:00 0 
7f9f17f04000-7f9f18000000 rw-p 00000000 00:00 0 
7f9f18100000-7f9f18104000 ---p 00000000 00:00 0 
7f9f18104000-7f9f18200000 rw-p 00000000 00:00 0 
7f9f18300000-7f9f18304000 ---p 00000000 00:00 0 
7f9f18304000-7f9f18400000 rw-p 00000000 00:00 0 
7f9f18500000-7f9f18504000 ---p 00000000 00:00 0 
7f9f18504000-7f9f18600000 rw-p 00000000 00:00 0 
7f9f18700000-7f9f18704000 ---p 00000000 00:00 0 
7f9f18704000-7f9f18800000 rw-p 00000000 00:00 0 
7f9f18900000-7f9f18904000 ---p 00000000 00:00 0 
7f9f18904000-7f9f18a00000 rw-p 00000000 00:00 0 
7f9f18b00000-7f9f18b04000 ---p 00000000 00:00 0 
7f9f18b04000-7f9f18c00000 rw-p 00000000 00:00 0 
7f9f18d00000-7f9f18d04000 ---p 00000000 00:00 0 
7f9f18d04000-7f9f18e00000 rw-p 00000000 00:00 0 
7f9f18f00000-7f9f18f04000 ---p 00000000 00:00 0 
7f9f18f04000-7f9f19000000 rw-p 00000000 00:00 0 
7f9f19100000-7f9f19104000 ---p 00000000 00:00 0 
7f9f19104000-7f9f19200000 rw-p 00000000 00:00 0 
7f9f19300000-7f9f19304000 ---p 00000000 00:00 0 
7f9f19304000-7f9f19400000 rw-p 00000000 00:00 0 
7f9f19500000-7f9f19504000 ---p 00000000 00:00 0 
7f9f19504000-7f9f19600000 rw-p 00000000 00:00 0 
7f9f19700000-7f9f19704000 ---p 00000000 00:00 0 
7f9f19704000-7f9f19800000 rw-p 00000000 00:00 0 
7f9f19900000-7f9f19904000 ---p 00000000 00:00 0 
7f9f19904000-7f9f19a00000 rw-p 00000000 00:00 0 
7f9f19b00000-7f9f19b04000 ---p 00000000 00:00 0 
7f9f19b04000-7f9f19c00000 rw-p 00000000 00:00 0 
7f9f19c00000-7f9f1bd6a000 r-xp 00000000 00:a65 4611686019135190040       /nix/store/gpxl5qgg8kicmcvivwmybwjlpf7wh20l-graalvm17-ce-22.3.0/lib/libjvmcicompiler.so
7f9f1bd6a000-7f9f1bf69000 ---p 0216a000 00:a65 4611686019135190040       /nix/store/gpxl5qgg8kicmcvivwmybwjlpf7wh20l-graalvm17-ce-22.3.0/lib/libjvmcicompiler.so
7f9f1bf69000-7f9f1bf6a000 r--p 02169000 00:a65 4611686019135190040       /nix/store/gpxl5qgg8kicmcvivwmybwjlpf7wh20l-graalvm17-ce-22.3.0/lib/libjvmcicompiler.so
7f9f1bf6a000-7f9f1bf6c000 rw-p 0216a000 00:a65 4611686019135190040       /nix/store/gpxl5qgg8kicmcvivwmybwjlpf7wh20l-graalvm17-ce-22.3.0/lib/libjvmcicompiler.so
7f9f1bf6c000-7f9f1bf6d000 rw-p 00000000 00:00 0 
7f9f1bf6d000-7f9f1bf72000 rw-p 023c3000 00:a65 4611686019135190040       /nix/store/gpxl5qgg8kicmcvivwmybwjlpf7wh20l-graalvm17-ce-22.3.0/lib/libjvmcicompiler.so
7f9f1c000000-7f9f1c021000 rw-p 00000000 00:00 0 
7f9f1c021000-7f9f20000000 ---p 00000000 00:00 0 
7f9f20000000-7f9f20048000 rw-p 00000000 00:00 0 
7f9f20048000-7f9f24000000 ---p 00000000 00:00 0 
7f9f24000000-7f9f24021000 rw-p 00000000 00:00 0 
7f9f24021000-7f9f28000000 ---p 00000000 00:00 0 
7f9f28000000-7f9f28021000 rw-p 00000000 00:00 0 
7f9f28021000-7f9f2c000000 ---p 00000000 00:00 0 
7f9f2c000000-7f9f2c0e9000 rw-p 00000000 00:00 0 
7f9f2c0e9000-7f9f30000000 ---p 00000000 00:00 0 
7f9f30000000-7f9f30bbf000 rw-p 00000000 00:00 0 
7f9f30bbf000-7f9f34000000 ---p 00000000 00:00 0 
7f9f34000000-7f9f34021000 rw-p 00000000 00:00 0 
7f9f34021000-7f9f38000000 ---p 00000000 00:00 0 
7f9f38000000-7f9f38044000 rw-p 00000000 00:00 0 
7f9f38044000-7f9f3c000000 ---p 00000000 00:00 0 
7f9f3c000000-7f9f3c021000 rw-p 00000000 00:00 0 
7f9f3c021000-7f9f40000000 ---p 00000000 00:00 0 
7f9f40000000-7f9f40297000 rw-p 00000000 00:00 0 
7f9f40297000-7f9f44000000 ---p 00000000 00:00 0 
7f9f44000000-7f9f44021000 rw-p 00000000 00:00 0 
7f9f44021000-7f9f48000000 ---p 00000000 00:00 0 
7f9f48000000-7f9f48021000 rw-p 00000000 00:00 0 
7f9f48021000-7f9f4c000000 ---p 00000000 00:00 0 
7f9f4c000000-7f9f4c08e000 rw-p 00000000 00:00 0 
7f9f4c08e000-7f9f50004000 ---p 00000000 00:00 0 
7f9f50004000-7f9f50100000 rw-p 00000000 00:00 0 
7f9f50100000-7f9f50104000 ---p 00000000 00:00 0 
7f9f50104000-7f9f50200000 rw-p 00000000 00:00 0 
7f9f50300000-7f9f50304000 ---p 00000000 00:00 0 
7f9f50304000-7f9f50400000 rw-p 00000000 00:00 0 
7f9f50400000-7f9f50404000 ---p 00000000 00:00 0 
7f9f50404000-7f9f50500000 rw-p 00000000 00:00 0 
7f9f50500000-7f9f50504000 ---p 00000000 00:00 0 
7f9f50504000-7f9f50600000 rw-p 00000000 00:00 0 
7f9f50700000-7f9f50704000 ---p 00000000 00:00 0 
7f9f50704000-7f9f50800000 rw-p 00000000 00:00 0 
7f9f50900000-7f9f50904000 ---p 00000000 00:00 0 
7f9f50904000-7f9f50a00000 rw-p 00000000 00:00 0 
7f9f50a00000-7f9f50a04000 ---p 00000000 00:00 0 
7f9f50a04000-7f9f50b00000 rw-p 00000000 00:00 0 
7f9f50b00000-7f9f50b04000 ---p 00000000 00:00 0 
7f9f50b04000-7f9f50c00000 rw-p 00000000 00:00 0 
7f9f51468000-7f9f51900000 rw-p 00000000 00:00 0 
7f9f51a00000-7f9f51a04000 ---p 00000000 00:00 0 
7f9f51a04000-7f9f51b00000 rw-p 00000000 00:00 0 
7f9f51b18000-7f9f51b1c000 ---p 00000000 00:00 0 
7f9f51b1c000-7f9f51c18000 rw-p 00000000 00:00 0 
7f9f51c18000-7f9f51c1c000 ---p 00000000 00:00 0 
7f9f51c1c000-7f9f51d18000 rw-p 00000000 00:00 0 
7f9f51d18000-7f9f51d1c000 ---p 00000000 00:00 0 
7f9f51d1c000-7f9f51e18000 rw-p 00000000 00:00 0 
7f9f51e18000-7f9f51e19000 ---p 00000000 00:00 0 
7f9f51e19000-7f9f51f1a000 rw-p 00000000 00:00 0 
7f9f51f1a000-7f9f51f1e000 ---p 00000000 00:00 0 
7f9f51f1e000-7f9f5201a000 rw-p 00000000 00:00 0 
7f9f5201a000-7f9f5201e000 ---p 00000000 00:00 0 
7f9f5201e000-7f9f5211a000 rw-p 00000000 00:00 0 
7f9f5211a000-7f9f5211e000 ---p 00000000 00:00 0 
7f9f5211e000-7f9f5221a000 rw-p 00000000 00:00 0 
7f9f5221a000-7f9f5221e000 ---p 00000000 00:00 0 
7f9f5221e000-7f9f5241a000 rw-p 00000000 00:00 0 
7f9f5241a000-7f9f5241e000 ---p 00000000 00:00 0 
7f9f5241e000-7f9f5261a000 rw-p 00000000 00:00 0 
7f9f5261a000-7f9f5261e000 ---p 00000000 00:00 0 
7f9f5261e000-7f9f5271a000 rw-p 00000000 00:00 0 
7f9f5271a000-7f9f5271e000 ---p 00000000 00:00 0 
7f9f5271e000-7f9f5281a000 rw-p 00000000 00:00 0 
7f9f5281a000-7f9f5281e000 ---p 00000000 00:00 0 
7f9f5281e000-7f9f5291a000 rw-p 00000000 00:00 0 
7f9f5291a000-7f9f52c00000 r--p 00000000 00:9ee 28444448                  /usr/lib/locale/locale-archive
7f9f52c00000-7f9f53000000 rw-p 00000000 00:00 0 
7f9f53000000-7f9f53300000 rw-p 00000000 00:00 0 
7f9f53300000-7f9f53400000 rw-p 00000000 00:00 0 
7f9f534b3000-7f9f53723000 rwxp 00000000 00:00 0 
7f9f53723000-7f9f53a42000 ---p 00000000 00:00 0 
7f9f53a42000-7f9f54ba2000 rwxp 00000000 00:00 0 
7f9f54ba2000-7f9f5af7a000 ---p 00000000 00:00 0 
7f9f5af7a000-7f9f5b29a000 rwxp 00000000 00:00 0 
7f9f5b29a000-7f9f624b3000 ---p 00000000 00:00 0 
7f9f624b3000-7f9f6c000000 r--s 00000000 00:a65 4611686019135192581       /nix/store/gpxl5qgg8kicmcvivwmybwjlpf7wh20l-graalvm17-ce-22.3.0/lib/modules
7f9f6c000000-7f9f6c632000 rw-p 00000000 00:00 0 
7f9f6c632000-7f9f70000000 ---p 00000000 00:00 0 
7f9f70043000-7f9f70045000 r-xp 00000000 00:a65 4611686019135190017       /nix/store/gpxl5qgg8kicmcvivwmybwjlpf7wh20l-graalvm17-ce-22.3.0/lib/libextnet.so
7f9f70045000-7f9f70046000 r--p 00001000 00:a65 4611686019135190017       /nix/store/gpxl5qgg8kicmcvivwmybwjlpf7wh20l-graalvm17-ce-22.3.0/lib/libextnet.so
7f9f70046000-7f9f70047000 rw-p 00002000 00:a65 4611686019135190017       /nix/store/gpxl5qgg8kicmcvivwmybwjlpf7wh20l-graalvm17-ce-22.3.0/lib/libextnet.so
7f9f70047000-7f9f70048000 rw-p 00004000 00:a65 4611686019135190017       /nix/store/gpxl5qgg8kicmcvivwmybwjlpf7wh20l-graalvm17-ce-22.3.0/lib/libextnet.so
7f9f70048000-7f9f7004c000 ---p 00000000 00:00 0 
7f9f7004c000-7f9f7006a000 rw-p 00000000 00:00 0 
7f9f7006a000-7f9f70071000 r-xp 00000000 00:a65 4611686019135192580       /nix/store/gpxl5qgg8kicmcvivwmybwjlpf7wh20l-graalvm17-ce-22.3.0/lib/libzip.so
7f9f70071000-7f9f70072000 ---p 00007000 00:a65 4611686019135192580       /nix/store/gpxl5qgg8kicmcvivwmybwjlpf7wh20l-graalvm17-ce-22.3.0/lib/libzip.so
7f9f70072000-7f9f70073000 r--p 00007000 00:a65 4611686019135192580       /nix/store/gpxl5qgg8kicmcvivwmybwjlpf7wh20l-graalvm17-ce-22.3.0/lib/libzip.so
7f9f70073000-7f9f70074000 rw-p 00008000 00:a65 4611686019135192580       /nix/store/gpxl5qgg8kicmcvivwmybwjlpf7wh20l-graalvm17-ce-22.3.0/lib/libzip.so
7f9f70074000-7f9f70076000 rw-p 0000b000 00:a65 4611686019135192580       /nix/store/gpxl5qgg8kicmcvivwmybwjlpf7wh20l-graalvm17-ce-22.3.0/lib/libzip.so
7f9f70076000-7f9f7008b000 r-xp 00000000 00:a65 4611686019135192570       /nix/store/gpxl5qgg8kicmcvivwmybwjlpf7wh20l-graalvm17-ce-22.3.0/lib/libnet.so
7f9f7008b000-7f9f7008c000 ---p 00015000 00:a65 4611686019135192570       /nix/store/gpxl5qgg8kicmcvivwmybwjlpf7wh20l-graalvm17-ce-22.3.0/lib/libnet.so
7f9f7008c000-7f9f7008d000 r--p 00015000 00:a65 4611686019135192570       /nix/store/gpxl5qgg8kicmcvivwmybwjlpf7wh20l-graalvm17-ce-22.3.0/lib/libnet.so
7f9f7008d000-7f9f7008e000 rw-p 00016000 00:a65 4611686019135192570       /nix/store/gpxl5qgg8kicmcvivwmybwjlpf7wh20l-graalvm17-ce-22.3.0/lib/libnet.so
7f9f7008e000-7f9f70091000 rw-p 0001b000 00:a65 4611686019135192570       /nix/store/gpxl5qgg8kicmcvivwmybwjlpf7wh20l-graalvm17-ce-22.3.0/lib/libnet.so
7f9f70091000-7f9f700a4000 r-xp 00000000 00:a65 4611686019135192571       /nix/store/gpxl5qgg8kicmcvivwmybwjlpf7wh20l-graalvm17-ce-22.3.0/lib/libnio.so
7f9f700a4000-7f9f700a5000 r--p 00012000 00:a65 4611686019135192571       /nix/store/gpxl5qgg8kicmcvivwmybwjlpf7wh20l-graalvm17-ce-22.3.0/lib/libnio.so
7f9f700a5000-7f9f700a6000 rw-p 00013000 00:a65 4611686019135192571       /nix/store/gpxl5qgg8kicmcvivwmybwjlpf7wh20l-graalvm17-ce-22.3.0/lib/libnio.so
7f9f700a6000-7f9f700ab000 rw-p 00019000 00:a65 4611686019135192571       /nix/store/gpxl5qgg8kicmcvivwmybwjlpf7wh20l-graalvm17-ce-22.3.0/lib/libnio.so
7f9f700ab000-7f9f700af000 ---p 00000000 00:00 0 
7f9f700af000-7f9f701ab000 rw-p 00000000 00:00 0 
7f9f701ab000-7f9f701af000 ---p 00000000 00:00 0 
7f9f701af000-7f9f702ab000 rw-p 00000000 00:00 0 
7f9f702ab000-7f9f702ac000 ---p 00000000 00:00 0 
7f9f702ac000-7f9f703ad000 rw-p 00000000 00:00 0 
7f9f703ad000-7f9f7047b000 r-xp 00000000 00:a65 4611686019135190036       /nix/store/gpxl5qgg8kicmcvivwmybwjlpf7wh20l-graalvm17-ce-22.3.0/lib/libjsvml.so
7f9f7047b000-7f9f7047c000 r--p 000cd000 00:a65 4611686019135190036       /nix/store/gpxl5qgg8kicmcvivwmybwjlpf7wh20l-graalvm17-ce-22.3.0/lib/libjsvml.so
7f9f7047c000-7f9f7047d000 rw-p 000ce000 00:a65 4611686019135190036       /nix/store/gpxl5qgg8kicmcvivwmybwjlpf7wh20l-graalvm17-ce-22.3.0/lib/libjsvml.so
7f9f7047d000-7f9f71d55000 rw-p 00000000 00:00 0 
7f9f71d55000-7f9f71d56000 ---p 00000000 00:00 0 
7f9f71d56000-7f9f71f01000 rw-p 00000000 00:00 0 
7f9f71f01000-7f9f71f41000 rw-p 00000000 00:00 0 
7f9f71f41000-7f9f71f57000 ---p 00000000 00:00 0 
7f9f71f57000-7f9f71f5f000 rw-p 00000000 00:00 0 
7f9f71f5f000-7f9f72043000 ---p 00000000 00:00 0 
7f9f72043000-7f9f72066000 rw-p 00000000 00:00 0 
7f9f72066000-7f9f7212e000 ---p 00000000 00:00 0 
7f9f7212e000-7f9f72133000 rw-p 00000000 00:00 0 
7f9f72133000-7f9f7213a000 ---p 00000000 00:00 0 
7f9f7213a000-7f9f7215e000 r-xp 00000000 00:a65 4611686019135190028       /nix/store/gpxl5qgg8kicmcvivwmybwjlpf7wh20l-graalvm17-ce-22.3.0/lib/libjava.so
7f9f7215e000-7f9f7215f000 ---p 00024000 00:a65 4611686019135190028       /nix/store/gpxl5qgg8kicmcvivwmybwjlpf7wh20l-graalvm17-ce-22.3.0/lib/libjava.so
7f9f7215f000-7f9f72160000 r--p 00024000 00:a65 4611686019135190028       /nix/store/gpxl5qgg8kicmcvivwmybwjlpf7wh20l-graalvm17-ce-22.3.0/lib/libjava.so
7f9f72160000-7f9f72161000 rw-p 00025000 00:a65 4611686019135190028       /nix/store/gpxl5qgg8kicmcvivwmybwjlpf7wh20l-graalvm17-ce-22.3.0/lib/libjava.so
7f9f72161000-7f9f72162000 rw-p 00000000 00:00 0 
7f9f72162000-7f9f72169000 rw-p 0002f000 00:a65 4611686019135190028       /nix/store/gpxl5qgg8kicmcvivwmybwjlpf7wh20l-graalvm17-ce-22.3.0/lib/libjava.so
7f9f72169000-7f9f72171000 rw-s 00000000 00:83b 361                       /tmp/hsperfdata_runner/30
7f9f72171000-7f9f72172000 ---p 00000000 00:00 0 
7f9f72172000-7f9f72173000 r--p 00000000 00:00 0 
7f9f72173000-7f9f72174000 rwxp 00000000 00:00 0 
7f9f72174000-7f9f7218f000 r-xp 00000000 00:a65 4611686019135190032       /nix/store/gpxl5qgg8kicmcvivwmybwjlpf7wh20l-graalvm17-ce-22.3.0/lib/libjimage.so
7f9f7218f000-7f9f72190000 ---p 0001b000 00:a65 4611686019135190032       /nix/store/gpxl5qgg8kicmcvivwmybwjlpf7wh20l-graalvm17-ce-22.3.0/lib/libjimage.so
7f9f72190000-7f9f72192000 r--p 0001b000 00:a65 4611686019135190032       /nix/store/gpxl5qgg8kicmcvivwmybwjlpf7wh20l-graalvm17-ce-22.3.0/lib/libjimage.so
7f9f72192000-7f9f72193000 rw-p 0001d000 00:a65 4611686019135190032       /nix/store/gpxl5qgg8kicmcvivwmybwjlpf7wh20l-graalvm17-ce-22.3.0/lib/libjimage.so
7f9f72193000-7f9f72194000 rw-p 00024000 00:a65 4611686019135190032       /nix/store/gpxl5qgg8kicmcvivwmybwjlpf7wh20l-graalvm17-ce-22.3.0/lib/libjimage.so
7f9f72194000-7f9f72198000 ---p 00000000 00:00 0 
7f9f72198000-7f9f72294000 rw-p 00000000 00:00 0 
7f9f72294000-7f9f722a2000 r--p 00000000 00:a65 4611686019027979927       /nix/store/4nlgxhb09sdr51nc9hdm8az5b08vzkgx-glibc-2.35-163/lib/libm.so.6
7f9f722a2000-7f9f72315000 r-xp 0000e000 00:a65 4611686019027979927       /nix/store/4nlgxhb09sdr51nc9hdm8az5b08vzkgx-glibc-2.35-163/lib/libm.so.6
7f9f72315000-7f9f72372000 r--p 00081000 00:a65 4611686019027979927       /nix/store/4nlgxhb09sdr51nc9hdm8az5b08vzkgx-glibc-2.35-163/lib/libm.so.6
7f9f72372000-7f9f72373000 r--p 000dd000 00:a65 4611686019027979927       /nix/store/4nlgxhb09sdr51nc9hdm8az5b08vzkgx-glibc-2.35-163/lib/libm.so.6
7f9f72373000-7f9f72374000 rw-p 000de000 00:a65 4611686019027979927       /nix/store/4nlgxhb09sdr51nc9hdm8az5b08vzkgx-glibc-2.35-163/lib/libm.so.6
7f9f72374000-7f9f72375000 r--p 00000000 00:a65 4611686019027979946       /nix/store/4nlgxhb09sdr51nc9hdm8az5b08vzkgx-glibc-2.35-163/lib/librt.so.1
7f9f72375000-7f9f72376000 r-xp 00001000 00:a65 4611686019027979946       /nix/store/4nlgxhb09sdr51nc9hdm8az5b08vzkgx-glibc-2.35-163/lib/librt.so.1
7f9f72376000-7f9f72377000 r--p 00002000 00:a65 4611686019027979946       /nix/store/4nlgxhb09sdr51nc9hdm8az5b08vzkgx-glibc-2.35-163/lib/librt.so.1
7f9f72377000-7f9f72378000 r--p 00002000 00:a65 4611686019027979946       /nix/store/4nlgxhb09sdr51nc9hdm8az5b08vzkgx-glibc-2.35-163/lib/librt.so.1
7f9f72378000-7f9f72379000 rw-p 00003000 00:a65 4611686019027979946       /nix/store/4nlgxhb09sdr51nc9hdm8az5b08vzkgx-glibc-2.35-163/lib/librt.so.1
7f9f72379000-7f9f7348c000 r-xp 00000000 00:a65 4611686019135360866       /nix/store/gpxl5qgg8kicmcvivwmybwjlpf7wh20l-graalvm17-ce-22.3.0/lib/server/libjvm.so
7f9f7348c000-7f9f7348d000 ---p 01113000 00:a65 4611686019135360866       /nix/store/gpxl5qgg8kicmcvivwmybwjlpf7wh20l-graalvm17-ce-22.3.0/lib/server/libjvm.so
7f9f7348d000-7f9f73542000 r--p 01113000 00:a65 4611686019135360866       /nix/store/gpxl5qgg8kicmcvivwmybwjlpf7wh20l-graalvm17-ce-22.3.0/lib/server/libjvm.so
7f9f73542000-7f9f73576000 rw-p 011c8000 00:a65 4611686019135360866       /nix/store/gpxl5qgg8kicmcvivwmybwjlpf7wh20l-graalvm17-ce-22.3.0/lib/server/libjvm.so
7f9f73576000-7f9f735d2000 rw-p 00000000 00:00 0 
7f9f735d2000-7f9f735fa000 r--p 00000000 00:a65 4611686019027979918       /nix/store/4nlgxhb09sdr51nc9hdm8az5b08vzkgx-glibc-2.35-163/lib/libc.so.6
7f9f735fa000-7f9f73770000 r-xp 00028000 00:a65 4611686019027979918       /nix/store/4nlgxhb09sdr51nc9hdm8az5b08vzkgx-glibc-2.35-163/lib/libc.so.6
7f9f73770000-7f9f737c8000 r--p 0019e000 00:a65 4611686019027979918       /nix/store/4nlgxhb09sdr51nc9hdm8az5b08vzkgx-glibc-2.35-163/lib/libc.so.6
7f9f737c8000-7f9f737cc000 r--p 001f6000 00:a65 4611686019027979918       /nix/store/4nlgxhb09sdr51nc9hdm8az5b08vzkgx-glibc-2.35-163/lib/libc.so.6
7f9f737cc000-7f9f737ce000 rw-p 001fa000 00:a65 4611686019027979918       /nix/store/4nlgxhb09sdr51nc9hdm8az5b08vzkgx-glibc-2.35-163/lib/libc.so.6
7f9f737ce000-7f9f737dd000 rw-p 00000000 00:00 0 
7f9f737dd000-7f9f737de000 r--p 00000000 00:a65 4611686019027979923       /nix/store/4nlgxhb09sdr51nc9hdm8az5b08vzkgx-glibc-2.35-163/lib/libdl.so.2
7f9f737de000-7f9f737df000 r-xp 00001000 00:a65 4611686019027979923       /nix/store/4nlgxhb09sdr51nc9hdm8az5b08vzkgx-glibc-2.35-163/lib/libdl.so.2
7f9f737df000-7f9f737e0000 r--p 00002000 00:a65 4611686019027979923       /nix/store/4nlgxhb09sdr51nc9hdm8az5b08vzkgx-glibc-2.35-163/lib/libdl.so.2
7f9f737e0000-7f9f737e1000 r--p 00002000 00:a65 4611686019027979923       /nix/store/4nlgxhb09sdr51nc9hdm8az5b08vzkgx-glibc-2.35-163/lib/libdl.so.2
7f9f737e1000-7f9f737e2000 rw-p 00003000 00:a65 4611686019027979923       /nix/store/4nlgxhb09sdr51nc9hdm8az5b08vzkgx-glibc-2.35-163/lib/libdl.so.2
7f9f737e2000-7f9f737e3000 r--p 00000000 00:a65 4611686019027979942       /nix/store/4nlgxhb09sdr51nc9hdm8az5b08vzkgx-glibc-2.35-163/lib/libpthread.so.0
7f9f737e3000-7f9f737e4000 r-xp 00001000 00:a65 4611686019027979942       /nix/store/4nlgxhb09sdr51nc9hdm8az5b08vzkgx-glibc-2.35-163/lib/libpthread.so.0
7f9f737e4000-7f9f737e5000 r--p 00002000 00:a65 4611686019027979942       /nix/store/4nlgxhb09sdr51nc9hdm8az5b08vzkgx-glibc-2.35-163/lib/libpthread.so.0
7f9f737e5000-7f9f737e6000 r--p 00002000 00:a65 4611686019027979942       /nix/store/4nlgxhb09sdr51nc9hdm8az5b08vzkgx-glibc-2.35-163/lib/libpthread.so.0
7f9f737e6000-7f9f737e7000 rw-p 00003000 00:a65 4611686019027979942       /nix/store/4nlgxhb09sdr51nc9hdm8az5b08vzkgx-glibc-2.35-163/lib/libpthread.so.0
7f9f737e7000-7f9f737f5000 r-xp 00000000 00:a65 4611686019135190033       /nix/store/gpxl5qgg8kicmcvivwmybwjlpf7wh20l-graalvm17-ce-22.3.0/lib/libjli.so
7f9f737f5000-7f9f737f6000 ---p 0000e000 00:a65 4611686019135190033       /nix/store/gpxl5qgg8kicmcvivwmybwjlpf7wh20l-graalvm17-ce-22.3.0/lib/libjli.so
7f9f737f6000-7f9f737f7000 r--p 0000e000 00:a65 4611686019135190033       /nix/store/gpxl5qgg8kicmcvivwmybwjlpf7wh20l-graalvm17-ce-22.3.0/lib/libjli.so
7f9f737f7000-7f9f737f8000 rw-p 0000f000 00:a65 4611686019135190033       /nix/store/gpxl5qgg8kicmcvivwmybwjlpf7wh20l-graalvm17-ce-22.3.0/lib/libjli.so
7f9f737f8000-7f9f737f9000 rw-p 00012000 00:a65 4611686019135190033       /nix/store/gpxl5qgg8kicmcvivwmybwjlpf7wh20l-graalvm17-ce-22.3.0/lib/libjli.so
7f9f737f9000-7f9f737fc000 r--p 00000000 00:a65 4611686019106210071       /nix/store/026hln0aq1hyshaxsdvhg0kmcm6yf45r-zlib-1.2.13/lib/libz.so.1.2.13
7f9f737fc000-7f9f7380e000 r-xp 00003000 00:a65 4611686019106210071       /nix/store/026hln0aq1hyshaxsdvhg0kmcm6yf45r-zlib-1.2.13/lib/libz.so.1.2.13
7f9f7380e000-7f9f73815000 r--p 00015000 00:a65 4611686019106210071       /nix/store/026hln0aq1hyshaxsdvhg0kmcm6yf45r-zlib-1.2.13/lib/libz.so.1.2.13
7f9f73815000-7f9f73816000 r--p 0001b000 00:a65 4611686019106210071       /nix/store/026hln0aq1hyshaxsdvhg0kmcm6yf45r-zlib-1.2.13/lib/libz.so.1.2.13
7f9f73816000-7f9f73817000 rw-p 0001c000 00:a65 4611686019106210071       /nix/store/026hln0aq1hyshaxsdvhg0kmcm6yf45r-zlib-1.2.13/lib/libz.so.1.2.13
7f9f73817000-7f9f73819000 rw-p 00000000 00:00 0 
7f9f73819000-7f9f7381b000 r--p 00000000 00:a65 4611686019027979912       /nix/store/4nlgxhb09sdr51nc9hdm8az5b08vzkgx-glibc-2.35-163/lib/ld-linux-x86-64.so.2
7f9f7381b000-7f9f73842000 r-xp 00002000 00:a65 4611686019027979912       /nix/store/4nlgxhb09sdr51nc9hdm8az5b08vzkgx-glibc-2.35-163/lib/ld-linux-x86-64.so.2
7f9f73842000-7f9f7384e000 r--p 00029000 00:a65 4611686019027979912       /nix/store/4nlgxhb09sdr51nc9hdm8az5b08vzkgx-glibc-2.35-163/lib/ld-linux-x86-64.so.2
7f9f7384e000-7f9f73850000 r--p 00034000 00:a65 4611686019027979912       /nix/store/4nlgxhb09sdr51nc9hdm8az5b08vzkgx-glibc-2.35-163/lib/ld-linux-x86-64.so.2
7f9f73850000-7f9f73852000 rw-p 00036000 00:a65 4611686019027979912       /nix/store/4nlgxhb09sdr51nc9hdm8az5b08vzkgx-glibc-2.35-163/lib/ld-linux-x86-64.so.2
7ffe9f854000-7ffe9f879000 rw-p 00000000 00:00 0                          [stack]
7ffe9f956000-7ffe9f95a000 r--p 00000000 00:00 0                          [vvar]
7ffe9f95a000-7ffe9f95c000 r-xp 00000000 00:00 0                          [vdso]
ffffffffff600000-ffffffffff601000 --xp 00000000 00:00 0                  [vsyscall]


VM Arguments:
jvm_args: -XX:ThreadPriorityPolicy=1 -XX:+UnlockExperimentalVMOptions -XX:+EnableJVMCIProduct -XX:JVMCIThreadsPerNativeLibraryRuntime=1 -XX:-UnlockExperimentalVMOptions -Declipse.application=org.eclipse.jdt.ls.core.id1 -Dosgi.bundles.defaultStartLevel=4 -Declipse.product=org.eclipse.jdt.ls.core.product -Dlog.level=ALL -Xverify:none -XX:+UseParallelGC -XX:GCTimeRatio=4 -XX:AdaptiveSizePolicyWeight=90 -Dsun.zip.disableMemoryMapping=true -Xmx512m -Xms100m 
java_command: /nix/store/m6gcpi1ii6rghy04cjwjddcavv7i90df-jdt-language-server-1.9.0/share/java/plugins/org.eclipse.equinox.launcher_1.6.400.v20210924-0641.jar --add-modules=ALL-SYSTEM --add-opens java.base/java.util=ALL-UNNAMED --add-opens java.base/java.lang=ALL-UNNAMED -configuration /home/runner/.cache/jdt-language-server/config -data /home/runner/.cache/jdt-language-server/data/home/runner/HourHand-AndMinuteHand
java_class_path (initial): /nix/store/m6gcpi1ii6rghy04cjwjddcavv7i90df-jdt-language-server-1.9.0/share/java/plugins/org.eclipse.equinox.launcher_1.6.400.v20210924-0641.jar
Launcher Type: SUN_STANDARD

[Global flags]
    uintx AdaptiveSizePolicyWeight                 = 90                                        {product} {command line}
     intx CICompilerCount                          = 2                                         {product} {ergonomic}
     bool EnableJVMCIProduct                       = true                                {JVMCI product} {jimage}
    uintx GCTimeRatio                              = 4                                         {product} {command line}
   size_t InitialHeapSize                          = 104857600                                 {product} {command line}
     uint JVMCIThreadsPerNativeLibraryRuntime      = 1                                   {JVMCI product} {jimage}
   size_t MaxHeapSize                              = 536870912                                 {product} {command line}
   size_t MaxNewSize                               = 178782208                                 {product} {ergonomic}
   size_t MinHeapDeltaBytes                        = 524288                                    {product} {ergonomic}
   size_t MinHeapSize                              = 104857600                                 {product} {command line}
   size_t NewSize                                  = 34603008                                  {product} {ergonomic}
    uintx NonNMethodCodeHeapSize                   = 5826188                                {pd product} {ergonomic}
    uintx NonProfiledCodeHeapSize                  = 122916026                              {pd product} {ergonomic}
   size_t OldSize                                  = 70254592                                  {product} {ergonomic}
    uintx ProfiledCodeHeapSize                     = 122916026                              {pd product} {ergonomic}
    uintx ReservedCodeCacheSize                    = 251658240                              {pd product} {ergonomic}
     bool SegmentedCodeCache                       = true                                      {product} {ergonomic}
   size_t SoftMaxHeapSize                          = 536870912                              {manageable} {ergonomic}
     intx ThreadPriorityPolicy                     = 1                                         {product} {jimage}
     bool UseCompressedClassPointers               = true                           {product lp64_product} {ergonomic}
     bool UseCompressedOops                        = true                           {product lp64_product} {ergonomic}
     bool UseParallelGC                            = true                                      {product} {command line}

Logging:
Log output configuration:
 #0: stdout all=warning uptime,level,tags
 #1: stderr all=off uptime,level,tags

Environment Variables:
JAVA_HOME=/nix/store/gpxl5qgg8kicmcvivwmybwjlpf7wh20l-graalvm17-ce-22.3.0
PATH=/nix/store/1d6ian3r8kdzspw8hacjhl3xkp40g1lj-binutils-wrapper-2.39/bin:/nix/store/dq0xwmsk1g0i2ayg6pb7y87na2knzylh-gcc-wrapper-11.3.0/bin:/nix/store/bap4d0lpcrhpwmpb8ayjcgkmvfj62lnq-bash-interactive-5.1-p16/bin:/nix/store/pr5n59mb4jzmfx6kanwxly0l07p861fg-patchelf-0.15.0/bin:/nix/store/1gf2flfqnpqbr1b4p4qz2f72y42bs56r-gcc-11.3.0/bin:/nix/store/57xv61c5zi8pphjbcwxxjlgc34p61ic9-glibc-2.35-163-bin/bin:/nix/store/a7gvj343m05j2s32xcnwr35v31ynlypr-coreutils-9.1/bin:/nix/store/039g378vc3pc3dvi9dzdlrd0i4q93qwf-binutils-2.39/bin:/nix/store/gpxl5qgg8kicmcvivwmybwjlpf7wh20l-graalvm17-ce-22.3.0/bin:/nix/store/6z9ag3ihc8mq2hzsw48lhbznvzny65nz-apache-maven-3.8.6/bin:/nix/store/m6gcpi1ii6rghy04cjwjddcavv7i90df-jdt-language-server-1.9.0/bin:/nix/store/84xs5alhs01zrbr4ywm05kxbjbp5590l-java-debug/bin:/nix/store/mydc6f4k2z73xlcz7ilif3v2lcaiqvza-findutils-4.9.0/bin:/nix/store/j9p3g8472iijd50vhdprx0nmk2fqn5gv-diffutils-3.8/bin:/nix/store/89zs7rms6x00xfq4dq6m7mjnhkr8a6r4-gnused-4.8/bin:/nix/store/86bp03jkmsl6f92w0yzg4s59g5mhxwmy-gnugrep-3.7/bin:/nix/store/hwcdqw4jrjnd37wxqgsd47hd0j8bnj09-gawk-5.1.1/bin:/nix/store/cfbhw8r8ags41vwqaz47r583d0p4h4a1-gnutar-1.34/bin:/nix/store/p3m1ndl1lapwrlh698bnb5lvvxh67378-gzip-1.12/bin:/nix/store/a8mhcagrsly7c7mpjrpsnaahk4aax056-bzip2-1.0.8-bin/bin:/nix/store/mblgz65m3zv9x548a3d5m96fj2pbwr09-gnumake-4.3/bin:/nix/store/dsd5gz46hdbdk2rfdimqddhq6m8m8fqs-bash-5.1-p16/bin:/nix/store/v7ljksji50mg3w61dykaa3n3y79n6nil-patch-2.7.6/bin:/nix/store/zlcnmqq14jz5x9439jf937mvayyl63da-xz-5.2.7-bin/bin:/nix/store/y6aj732zm9m87c82fpvf103a1xb22blp-file-5.43/bin:/nix/store/i4kzir3m7mrisxmf5xvlnkw01x4qaqr4-prybar-elisp-0.0.0-e0d9a52/bin:/nix/store/lwwivxf6h7x3cvxp9zv8sj0mv7dak99r-prybar-lua-0.0.0-e0d9a52/bin:/nix/store/gxj28g1cg4hq3qanmjv07156h800qr58-prybar-python3-0.0.0-e0d9a52/bin:/nix/store/hshkjnxrgidigf8x75vg6lqng2xlx9i3-prybar-sqlite-0.0.0-e0d9a52/bin:/nix/store/c4w01bpjgyy5ixmwdk8m1pw87zq4sl26-prybar-tcl-0.0.0-e0d9a52/bin:/nix/store/hpbvrlwd5viqmvcaisb3x0118i913a9n-st
LD_LIBRARY_PATH=/nix/store/a4pff549sk2idnkpzk5nsfps3mdkdnvm-cups-2.4.2-lib/lib:/nix/store/72mqxxhh3cy5yifh92wh2yb8cl2hikyy-cairo-1.16.0/lib:/nix/store/2k366jrbsra97gjfxwvrhvixjfxdach5-glib-2.74.1/lib:/nix/store/2j2znigd8ak37rlwh9khz0ry3clqlw1l-gtk+3-3.24.34/lib:/nix/store/hisqvx32cd57apbpcsnkpx6k3549wql1-libglvnd-1.4.0/lib:/nix/store/p36pgcv991mq5srvg765b78yqpxvk3qs-mesa-21.3.3-drivers/lib:/nix/store/mav4251if1ahjq5vkpwycyyvnmy459c4-pulseaudio-14.2/lib
DISPLAY=:0
LANG=en_US.UTF-8

Signal Handlers:
   SIGSEGV: crash_handler in libjvm.so, mask=11100100010111111101111111111110, flags=SA_RESTART|SA_SIGINFO
    SIGBUS: crash_handler in libjvm.so, mask=11100100010111111101111111111110, flags=SA_RESTART|SA_SIGINFO
    SIGFPE: crash_handler in libjvm.so, mask=11100100010111111101111111111110, flags=SA_RESTART|SA_SIGINFO
   SIGPIPE: IsolateEnterStub_IgnoreSIGPIPEStartupHook_noopSignalHandler_8f19bff2f35b5f630d83b364d6b2339320d4ec70_216e8361c6bc87a8f89f58cc10d3b2fd4415bf87 in libjvmcicompiler.so, mask=00000000000000000000000000000000, flags=SA_RESTART
  *** Handler was modified!
  *** Expected: javaSignalHandler in libjvm.so, mask=11100100110111111111111111111110, flags=SA_RESTART|SA_SIGINFO
   SIGXFSZ: javaSignalHandler in libjvm.so, mask=11100100010111111101111111111110, flags=SA_RESTART|SA_SIGINFO
    SIGILL: crash_handler in libjvm.so, mask=11100100010111111101111111111110, flags=SA_RESTART|SA_SIGINFO
   SIGUSR2: SR_handler in libjvm.so, mask=00000000000000000000000000000000, flags=SA_RESTART|SA_SIGINFO
    SIGHUP: UserHandler in libjvm.so, mask=11100100010111111101111111111110, flags=SA_RESTART|SA_SIGINFO
    SIGINT: UserHandler in libjvm.so, mask=11100100010111111101111111111110, flags=SA_RESTART|SA_SIGINFO
   SIGTERM: UserHandler in libjvm.so, mask=11100100010111111101111111111110, flags=SA_RESTART|SA_SIGINFO
   SIGQUIT: UserHandler in libjvm.so, mask=11100100010111111101111111111110, flags=SA_RESTART|SA_SIGINFO
  *** Handler was modified!
  *** Expected: javaSignalHandler in libjvm.so, mask=11100100110111111111111111111110, flags=SA_RESTART|SA_SIGINFO
   SIGTRAP: crash_handler in libjvm.so, mask=11100100010111111101111111111110, flags=SA_RESTART|SA_SIGINFO


---------------  S Y S T E M  ---------------

OS:
DISTRIB_ID=Ubuntu
DISTRIB_RELEASE=20.04
DISTRIB_CODENAME=focal
DISTRIB_DESCRIPTION="Ubuntu 20.04.2 LTS"
uname: Linux 5.19.0-1024-gcp #26~22.04.1-Ubuntu SMP Mon May 15 08:59:20 UTC 2023 x86_64
OS uptime: 0 days 0:48 hours
libc: glibc 2.35 NPTL 2.35 
rlimit (soft/hard): STACK 8192k/infinity , CORE infinity/infinity , NPROC infinity/infinity , NOFILE 5242/5242 , AS infinity/infinity , CPU infinity/infinity , DATA infinity/infinity , FSIZE infinity/infinity , MEMLOCK 8192k/8192k
load average: 21.87 15.08 7.37

/proc/meminfo:
MemTotal:       32872244 kB
MemFree:        14014808 kB
MemAvailable:   25390984 kB
Buffers:          986232 kB
Cached:          9928816 kB
SwapCached:            0 kB
Active:          3734240 kB
Inactive:       12808648 kB
Active(anon):      11616 kB
Inactive(anon):  5547912 kB
Active(file):    3722624 kB
Inactive(file):  7260736 kB
Unevictable:       57320 kB
Mlocked:           57320 kB
SwapTotal:             0 kB
SwapFree:              0 kB
Zswap:                 0 kB
Zswapped:              0 kB
Dirty:              1856 kB
Writeback:             0 kB
AnonPages:       5587144 kB
Mapped:          1221808 kB
Shmem:             22168 kB
KReclaimable:     858652 kB
Slab:            1573388 kB
SReclaimable:     858652 kB
SUnreclaim:       714736 kB
KernelStack:      361968 kB
PageTables:        91472 kB
NFS_Unstable:          0 kB
Bounce:                0 kB
WritebackTmp:          0 kB
CommitLimit:    16436120 kB
Committed_AS:   28128068 kB
VmallocTotal:   34359738367 kB
VmallocUsed:      386084 kB
VmallocChunk:          0 kB
Percpu:            16336 kB
HardwareCorrupted:     0 kB
AnonHugePages:    225280 kB
ShmemHugePages:        0 kB
ShmemPmdMapped:        0 kB
FileHugePages:         0 kB
FilePmdMapped:         0 kB
HugePages_Total:       0
HugePages_Free:        0
HugePages_Rsvd:        0
HugePages_Surp:        0
Hugepagesize:       2048 kB
Hugetlb:               0 kB
DirectMap4k:      934712 kB
DirectMap2M:    22130688 kB
DirectMap1G:    12582912 kB

/sys/kernel/mm/transparent_hugepage/enabled: always [madvise] never
/sys/kernel/mm/transparent_hugepage/defrag (defrag/compaction efforts parameter): always defer defer+madvise [madvise] never

Process Memory:
Virtual Size: 3885412K (peak: 4096072K)
Resident Set Size: 821264K (peak: 950712K) (anon: 623984K, file: 197280K, shmem: 0K)
Swapped out: 0K
C-Heap outstanding allocations: 44865K, retained: 14126K
glibc malloc tunables: (default)

/proc/sys/kernel/threads-max (system-wide limit on the number of threads): 256750
/proc/sys/vm/max_map_count (maximum number of memory map areas a process may have): 65530
/proc/sys/kernel/pid_max (system-wide limit on number of process identifiers): 4194304

container (cgroup) information:
container_type: cgroupv1
cpu_cpuset_cpus: 1-3
cpu_memory_nodes: 0
active_processor_count: 1
cpu_quota: 50000
cpu_period: 100000
cpu_shares: 512
memory_limit_in_bytes: 1048576 k
memory_and_swap_limit_in_bytes: 1048576 k
memory_soft_limit_in_bytes: 524288 k
memory_usage_in_bytes: 674576 k
memory_max_usage_in_bytes: 827524 k
maximum number of tasks: 1000
current number of tasks: 50

KVM virtualization detected
Steal ticks since vm start: 0
Steal ticks percentage since vm start:  0.000

CPU: total 4 (initial active 1) (4 cores per cpu, 2 threads per core) family 25 model 1 stepping 0 microcode 0xffffffff, cx8, cmov, fxsr, ht, mmx, 3dnowpref, sse, sse2, sse3, ssse3, sse4a, sse4.1, sse4.2, popcnt, lzcnt, tsc, tscinvbit, avx, avx2, aes, erms, clmul, bmi1, bmi2, adx, sha, fma, vzeroupper, clflush, clflushopt, hv
CPU Model and flags from /proc/cpuinfo:
model name	: AMD EPYC 7B13
flags		: fpu vme de pse tsc msr pae mce cx8 apic sep mtrr pge mca cmov pat pse36 clflush mmx fxsr sse sse2 ht syscall nx mmxext fxsr_opt pdpe1gb rdtscp lm constant_tsc rep_good nopl nonstop_tsc cpuid extd_apicid tsc_known_freq pni pclmulqdq ssse3 fma cx16 pcid sse4_1 sse4_2 movbe popcnt aes xsave avx f16c rdrand hypervisor lahf_lm cmp_legacy cr8_legacy abm sse4a misalignsse 3dnowprefetch osvw topoext invpcid_single ssbd ibrs ibpb stibp vmmcall fsgsbase tsc_adjust bmi1 avx2 smep bmi2 erms invpcid rdseed adx smap clflushopt clwb sha_ni xsaveopt xsavec xgetbv1 clzero xsaveerptr arat npt nrip_save umip vaes vpclmulqdq rdpid fsrm

Online cpus: 0-3
Offline cpus: 
BIOS frequency limitation: <Not Available>
Frequency switch latency (ns): <Not Available>
Available cpu frequencies: <Not Available>
Current governor: <Not Available>
Core performance/turbo boost: <Not Available>

Memory: 4k page, physical 1048576k(373992k free), swap 0k(0k free)
Page Sizes: 4k

vm_info: OpenJDK 64-Bit Server VM (17.0.5+8-jvmci-22.3-b08) for linux-amd64 JRE (17.0.5+8-jvmci-22.3-b08), built on Oct 19 2022 09:01:27 by "buildslave" with gcc 10.3.0

END.
